#
# A fatal error has been detected by the Java Runtime Environment:
#
#  SIGBUS (0xa) at pc=0x0000000101eb20c4, pid=93364, tid=84999
#
# JRE version: OpenJDK Runtime Environment Zulu15.42+15-CA (15.0.8+4) (build 15.0.8+4-MTS)
# Java VM: OpenJDK 64-Bit Server VM Zulu15.42+15-CA (15.0.8+4-MTS, mixed mode, tiered, compressed oops, g1 gc, bsd-aarch64)
# Problematic frame:
# V  [libjvm.dylib+0x8920c4]  MarkActivationClosure::do_code_blob(CodeBlob*)+0x3c
#
# No core dump will be written. Core dumps have been disabled. To enable core dumping, try "ulimit -c unlimited" before starting Java again
#
# If you would like to submit a bug report, please visit:
#   http://www.azul.com/support/
#

---------------  S U M M A R Y ------------

Command Line: -agentlib:jdwp=transport=dt_socket,address=127.0.0.1:56558,suspend=y,server=n -Drebel.base=/Users/romankovarik/.jrebel -Drebel.env.ide.plugin.version=2022.3.1 -Drebel.env.ide.version=2022.2 -Drebel.env.ide.product=IU -Drebel.env.ide=intellij -Drebel.notification.url=http://localhost:56667 -Xshare:off -agentpath:/Users/romankovarik/Library/Application Support/JetBrains/IntelliJIdea2022.2/plugins/jr-ide-idea/lib/jrebel6/lib/libjrebel64.dylib -XX:TieredStopAtLevel=1 -Dspring.output.ansi.enabled=always -Dcom.sun.management.jmxremote -Dspring.jmx.enabled=true -Dspring.liveBeansView.mbeanDomain -Dspring.application.admin.enabled=true -Dfile.encoding=UTF-8 com.example.application.Application

Host: MacBookPro18,1 arm64 1 MHz, 10 cores, 32G, Darwin 21.6.0
Time: Thu Sep  8 14:44:49 2022 CEST elapsed time: 261.794334 seconds (0d 0h 4m 21s)

---------------  T H R E A D  ---------------

Current thread (0x00000001291bc600):  JavaThread "rebel-change-detector-thread" daemon [_thread_in_vm, id=84999, stack(0x0000000174c38000,0x0000000174e3b000)]

Stack: [0x0000000174c38000,0x0000000174e3b000],  sp=0x0000000174e39a20,  free space=2054k
Native frames: (J=compiled Java code, A=aot compiled Java code, j=interpreted, Vv=VM code, C=native code)
V  [libjvm.dylib+0x8920c4]  MarkActivationClosure::do_code_blob(CodeBlob*)+0x3c
V  [libjvm.dylib+0x8cd908]  JavaThread::nmethods_do(CodeBlobClosure*)+0x80
V  [libjvm.dylib+0x3895ac]  HandshakeState::process_self_inner()+0x170
V  [libjvm.dylib+0x79e9c8]  SafepointMechanism::block_if_requested_slow(JavaThread*)+0x74
V  [libjvm.dylib+0x8ccfd4]  JavaThread::check_safepoint_and_suspend_for_native_trans(JavaThread*)+0x58
V  [libjvm.dylib+0x557b20]  jvmti_Deallocate(_jvmtiEnv*, unsigned char*)+0x108
C  [libjrebel64.dylib+0x1960]  deallocate+0x2c
C  [libjrebel64.dylib+0xf40]  Java_com_zeroturnaround_reload_jvmti_MinimalInstrumentation_retransformClassesImpl+0x238
j  com.zeroturnaround.reload.jvmti.MinimalInstrumentation.retransformClassesImpl([Ljava/lang/Class;)V+0
j  com.zeroturnaround.reload.jvmti.MinimalInstrumentation.retransformClasses([Ljava/lang/Class;)V+6
j  com.zeroturnaround.javarebel.fzd.b(Ljava/lang/instrument/Instrumentation;Ljava/util/Collection;)V+14
j  com.zeroturnaround.javarebel.fzd.a(Ljava/lang/instrument/Instrumentation;Ljava/util/Collection;)V+117
j  com.zeroturnaround.javarebel.fzd.retransform(Ljava/util/Collection;)V+4
j  com.zeroturnaround.javarebel.fzd.prepareForReload()V+6
j  com.zeroturnaround.reload.aj.a()V+10
j  com.zeroturnaround.reload.aj.a(Ljava/util/Collection;)V+1
j  com.zeroturnaround.reload.ag.a(Ljava/util/Set;Ljava/util/Set;)V+118
J 15744 c1 com.zeroturnaround.reload.b.l()V (273 bytes) @ 0x0000000139ed00a8 [0x0000000139ecf6c0+0x00000000000009e8]
j  com.zeroturnaround.reload.b.k()V+12
j  com.zeroturnaround.reload.b.j()V+0
j  com.zeroturnaround.reload.c.run()V+0
v  ~StubRoutines::call_stub
V  [libjvm.dylib+0x3dff24]  JavaCalls::call_helper(JavaValue*, methodHandle const&, JavaCallArguments*, Thread*)+0x324
V  [libjvm.dylib+0x3deffc]  JavaCalls::call_virtual(JavaValue*, Klass*, Symbol*, Symbol*, JavaCallArguments*, Thread*)+0xf8
V  [libjvm.dylib+0x3df0c4]  JavaCalls::call_virtual(JavaValue*, Handle, Klass*, Symbol*, Symbol*, Thread*)+0x64
V  [libjvm.dylib+0x48e740]  thread_entry(JavaThread*, Thread*)+0xbc
V  [libjvm.dylib+0x8cb680]  JavaThread::thread_main_inner()+0xa0
V  [libjvm.dylib+0x8c8b7c]  Thread::call_run()+0x88
V  [libjvm.dylib+0x711b98]  thread_native_entry(Thread*)+0x1d0
C  [libsystem_pthread.dylib+0x726c]  _pthread_start+0x94

Java frames: (J=compiled Java code, j=interpreted, Vv=VM code)
j  com.zeroturnaround.reload.jvmti.MinimalInstrumentation.retransformClassesImpl([Ljava/lang/Class;)V+0
j  com.zeroturnaround.reload.jvmti.MinimalInstrumentation.retransformClasses([Ljava/lang/Class;)V+6
j  com.zeroturnaround.javarebel.fzd.b(Ljava/lang/instrument/Instrumentation;Ljava/util/Collection;)V+14
j  com.zeroturnaround.javarebel.fzd.a(Ljava/lang/instrument/Instrumentation;Ljava/util/Collection;)V+117
j  com.zeroturnaround.javarebel.fzd.retransform(Ljava/util/Collection;)V+4
j  com.zeroturnaround.javarebel.fzd.prepareForReload()V+6
j  com.zeroturnaround.reload.aj.a()V+10
j  com.zeroturnaround.reload.aj.a(Ljava/util/Collection;)V+1
j  com.zeroturnaround.reload.ag.a(Ljava/util/Set;Ljava/util/Set;)V+118
J 15744 c1 com.zeroturnaround.reload.b.l()V (273 bytes) @ 0x0000000139ed00a8 [0x0000000139ecf6c0+0x00000000000009e8]
j  com.zeroturnaround.reload.b.k()V+12
j  com.zeroturnaround.reload.b.j()V+0
j  com.zeroturnaround.reload.c.run()V+0
v  ~StubRoutines::call_stub

siginfo: si_signo: 10 (SIGBUS), si_code: 1 (BUS_ADRALN), si_addr: 0x0000000139ecf458

Register to memory mapping:

 x0=0x000000010217c168: _MergedGlobals+0 in /Users/romankovarik/Library/Java/JavaVirtualMachines/azul-15.0.8/Contents/Home/lib/server/libjvm.dylib at 0x0000000101620000
 x1=0x0000000139ecf310 is at entry_point+-944 in (nmethod*)0x0000000139ecf310
 x2=0x0000000101eb2088: _ZN21MarkActivationClosure12do_code_blobEP8CodeBlob+0 in /Users/romankovarik/Library/Java/JavaVirtualMachines/azul-15.0.8/Contents/Home/lib/server/libjvm.dylib at 0x0000000101620000
 x3=0x0000000fffffc088 points into unknown readable memory: 0xfffff5b241eeedb5 | b5 ed ee 41 b2 f5 ff ff
 x4=0x0 is NULL
 x5=0x00000000000000a0 is an unknown value
 x6=0x0 is NULL
 x7=0x0 is NULL
 x8=0x0000000102128000: _ZN12StubRoutines20_checkcast_arraycopyE+0 in /Users/romankovarik/Library/Java/JavaVirtualMachines/azul-15.0.8/Contents/Home/lib/server/libjvm.dylib at 0x0000000101620000
 x9=0x00000000000001e0 is an unknown value
x10=0x000000000002f366 is an unknown value
x11=0x0000000100a4c000 points into unknown readable memory: 0x0100050403020100 | 00 01 02 03 04 05 00 01
x12=0x000000000002f366 is an unknown value
x13=0x0 is NULL
x14=0x000000000000007a is an unknown value
x15=0x0000000174e3a078 is pointing into the stack for thread: 0x00000001291bc600
x16=0x0c00000000000000 is an unknown value
x17=0x0000600002cd1bc0 points into unknown readable memory: 0x0000000000000000 | 00 00 00 00 00 00 00 00
x18=0x0 is NULL
x19=0x0000000139ecf310 is at entry_point+-944 in (nmethod*)0x0000000139ecf310
x20=0x00000001291bc600 is a thread
x21=0x0000000174e39a70 is pointing into the stack for thread: 0x00000001291bc600
x22=0x0000000102127f18: _ZN12StubRoutines25_call_stub_return_addressE+0 in /Users/romankovarik/Library/Java/JavaVirtualMachines/azul-15.0.8/Contents/Home/lib/server/libjvm.dylib at 0x0000000101620000
x23=0x00000001291bca54 points into unknown readable memory: 07 77 00 00
x24=0x00000001020c3000: _type2aelembytes+0x30 in /Users/romankovarik/Library/Java/JavaVirtualMachines/azul-15.0.8/Contents/Home/lib/server/libjvm.dylib at 0x0000000101620000
x25=0x0000000000000001 is an unknown value
x26=0x0 is NULL
x27=0x0000000000000006 is an unknown value
x28=0x0000000000000005 is an unknown value


Registers:
 x0=0x000000010217c168  x1=0x0000000139ecf310  x2=0x0000000101eb2088  x3=0x0000000fffffc088
 x4=0x0000000000000000  x5=0x00000000000000a0  x6=0x0000000000000000  x7=0x0000000000000000
 x8=0x0000000102128000  x9=0x00000000000001e0 x10=0x000000000002f366 x11=0x0000000100a4c000
x12=0x000000000002f366 x13=0x0000000000000000 x14=0x000000000000007a x15=0x0000000174e3a078
x16=0x0c00000000000000 x17=0x0000600002cd1bc0 x18=0x0000000000000000 x19=0x0000000139ecf310
x20=0x00000001291bc600 x21=0x0000000174e39a70 x22=0x0000000102127f18 x23=0x00000001291bca54
x24=0x00000001020c3000 x25=0x0000000000000001 x26=0x0000000000000000 x27=0x0000000000000006
x28=0x0000000000000005  fp=0x0000000174e39a30  lr=0x0000000101eed908  sp=0x0000000174e39a20
pc=0x0000000101eb20c4 cpsr=0x0000000080001000
Top of Stack: (sp=0x0000000174e39a20)
0x0000000174e39a20:   00000001291bc600 000000010217c168
0x0000000174e39a30:   0000000174e3a120 0000000101eed908
0x0000000174e39a40:   0000000174e3a7a0 0000000139ed00a8
0x0000000174e39a50:   0000000139ecf310 0000000000000001
0x0000000174e39a60:   0000000174e3a9f0 0000000174e3a7e0
0x0000000174e39a70:   00000001291bc600 0000000174e39a98
0x0000000174e39a80:   6d99124f506a00f5 0000000000000000
0x0000000174e39a90:   0000000000000007 0000000192e5b630
0x0000000174e39aa0:   0000000000000000 0000000116c0a118
0x0000000174e39ab0:   00000003000176c0 00000001020f3960
0x0000000174e39ac0:   00000001020f3968 0000000174e39d58
0x0000000174e39ad0:   00000001291bc600 0000000174e39d58
0x0000000174e39ae0:   0000000174e39d00 0000000101dc803c
0x0000000174e39af0:   0000000174e39b10 d03a000101d00600
0x0000000174e39b00:   0000600001388000 0000600000688300
0x0000000174e39b10:   0000000174e39b40 df4080010181df50
0x0000000174e39b20:   00000005ca59b588 00006000037e8140
0x0000000174e39b30:   0000600001388000 0000000168b27808
0x0000000174e39b40:   0000000174e39b80 000000010186daf4
0x0000000174e39b50:   0000000000000008 0000000174e39ce0
0x0000000174e39b60:   00000001291bc600 0000000168b2b290
0x0000000174e39b70:   0000000174e39ba0 9240800101ef31e4
0x0000000174e39b80:   0000000174e39ba0 9632000101ef32fc
0x0000000174e39b90:   0000600002293ce0 000000011d02ea00
0x0000000174e39ba0:   0000000174e39bf0 00000001016ed934
0x0000000174e39bb0:   0000000174e39c10 0000000101db540c
0x0000000174e39bc0:   0000000168b28c48 6573000101ef32fc
0x0000000174e39bd0:   0000000168b28c48 00000001291bc600
0x0000000174e39be0:   0000000000000000 000000012a017860
0x0000000174e39bf0:   0000000174e39c10 00000001016ed9b8
0x0000000174e39c00:   000000012a017860 0000600002cdcf90
0x0000000174e39c10:   0000000174e39d90 0000000101db4f90 

Instructions: (pc=0x0000000101eb20c4)
0x0000000101eb1fc4:   911f6c21 aa1303e0 97fa2d75 f00013a8
0x0000000101eb1fd4:   fd418d00 5e61d800 d2d09008 f2e825c8
0x0000000101eb1fe4:   9e670101 1e611800 fd0003e0 90000a21
0x0000000101eb1ff4:   911fe821 aa1303e0 97fa2d69 d00013a8
0x0000000101eb2004:   f9416908 f90003e8 f0000a01 91209c21
0x0000000101eb2014:   aa1303e0 97fa2d62 d00013a8 f9418108
0x0000000101eb2024:   d00013a9 f9418529 a90027e8 f0000a01
0x0000000101eb2034:   91213821 aa1303e0 97fa2d59 d00013a8
0x0000000101eb2044:   f9418908 d34afd08 f90003e8 f0000a01
0x0000000101eb2054:   91223821 aa1303e0 97fa2d51 aa1403e0
0x0000000101eb2064:   a9427bfd a9414ff4 9100c3ff 17fa37bc
0x0000000101eb2074:   a9bf7bfd 910003fd d2800000 a8c17bfd
0x0000000101eb2084:   d65f03c0 a9be4ff4 a9017bfd 910043fd
0x0000000101eb2094:   aa0103f3 d00013a8 b942f909 35000129
0x0000000101eb20a4:   b0001089 d503201f f9425929 d354fd2a
0x0000000101eb20b4:   531f794a f144013f 1a9f2549 b902f909
0x0000000101eb20c4:   b9014a69 f9400268 f9404108 aa1303e0
0x0000000101eb20d4:   d63f0100 340000a0 aa1303e0 a9417bfd
0x0000000101eb20e4:   a8c24ff4 17f957cd a9417bfd a8c24ff4
0x0000000101eb20f4:   d65f03c0 a9bf7bfd 910003fd d00013a8
0x0000000101eb2104:   b942f909 34000089 b9014829 a8c17bfd
0x0000000101eb2114:   d65f03c0 b0001089 d503201f f9425929
0x0000000101eb2124:   d354fd2a 531f794a f144013f 1a9f2549
0x0000000101eb2134:   b902f909 b9014829 a8c17bfd d65f03c0
0x0000000101eb2144:   a9be4ff4 a9017bfd 910043fd aa0103f3
0x0000000101eb2154:   aa0003f4 f9400028 f9402108 aa0103e0
0x0000000101eb2164:   d63f0100 340000c0 f9400268 f9402908
0x0000000101eb2174:   aa1303e0 d63f0100 36000080 a9417bfd
0x0000000101eb2184:   a8c24ff4 d65f03c0 f9400a81 f9400268
0x0000000101eb2194:   f9406d02 aa1303e0 a9417bfd a8c24ff4
0x0000000101eb21a4:   d61f0040 a9bc5ff8 a90157f6 a9024ff4
0x0000000101eb21b4:   a9037bfd 9100c3fd 39404008 34000288 


Stack slot to memory mapping:
stack at sp + 0 slots: 0x00000001291bc600 is a thread
stack at sp + 1 slots: 0x000000010217c168: _MergedGlobals+0 in /Users/romankovarik/Library/Java/JavaVirtualMachines/azul-15.0.8/Contents/Home/lib/server/libjvm.dylib at 0x0000000101620000
stack at sp + 2 slots: 0x0000000174e3a120 is pointing into the stack for thread: 0x00000001291bc600
stack at sp + 3 slots: 0x0000000101eed908: _ZN10JavaThread11nmethods_doEP15CodeBlobClosure+0x80 in /Users/romankovarik/Library/Java/JavaVirtualMachines/azul-15.0.8/Contents/Home/lib/server/libjvm.dylib at 0x0000000101620000
stack at sp + 4 slots: 0x0000000174e3a7a0 is pointing into the stack for thread: 0x00000001291bc600
stack at sp + 5 slots: 0x0000000139ed00a8 is at entry_point+2536 in (nmethod*)0x0000000139ecf310
stack at sp + 6 slots: 0x0000000139ecf310 is at entry_point+-944 in (nmethod*)0x0000000139ecf310
stack at sp + 7 slots: 0x0000000000000001 is an unknown value


---------------  P R O C E S S  ---------------

Threads class SMR info:
_java_thread_list=0x00006000026fab80, length=60, elements={
0x00000001198a4a00, 0x00000001198a5000, 0x0000000119009e00, 0x0000000119008600,
0x000000011a009200, 0x0000000117808200, 0x000000011a00a000, 0x000000012907d600,
0x000000012907fe00, 0x0000000129080400, 0x00000001290dc400, 0x0000000117058800,
0x00000001298be000, 0x0000000128820a00, 0x0000000129101000, 0x000000011a075c00,
0x000000011910e400, 0x0000000128a94200, 0x00000001171bb400, 0x000000011a129600,
0x0000000117a89c00, 0x0000000117a8a200, 0x0000000117181c00, 0x00000001171bea00,
0x00000001291bc600, 0x0000000117aef000, 0x00000001291f9c00, 0x000000011703c200,
0x0000000128c21c00, 0x00000001175f3a00, 0x00000001193d0600, 0x000000011a498000,
0x0000000117db6800, 0x0000000117dbe400, 0x000000012e881e00, 0x000000012dbaec00,
0x00000001295b1400, 0x00000001295cfe00, 0x0000000129568000, 0x000000012dbd0000,
0x000000012dbe4e00, 0x000000011a657a00, 0x00000001295d2800, 0x0000000117ef2e00,
0x000000012960e000, 0x0000000129b9fe00, 0x000000012f8b1e00, 0x000000012e974200,
0x000000012e96be00, 0x000000011a65a800, 0x0000000129c7a400, 0x0000000117f18800,
0x000000012e95be00, 0x0000000119a00800, 0x000000012dc5e200, 0x000000012f92e000,
0x0000000129653600, 0x000000012964c200, 0x00000001295fc200, 0x000000011a6b1e00
}

Java Threads: ( => current thread )
  0x00000001198a4a00 JavaThread "Reference Handler" daemon [_thread_blocked, id=16899, stack(0x0000000170754000,0x0000000170957000)]
  0x00000001198a5000 JavaThread "Finalizer" daemon [_thread_blocked, id=15875, stack(0x0000000170960000,0x0000000170b63000)]
  0x0000000119009e00 JavaThread "Signal Dispatcher" daemon [_thread_blocked, id=23043, stack(0x0000000170c84000,0x0000000170e87000)]
  0x0000000119008600 JavaThread "Service Thread" daemon [_thread_blocked, id=23555, stack(0x0000000170e90000,0x0000000171093000)]
  0x000000011a009200 JavaThread "C1 CompilerThread0" daemon [_thread_blocked, id=24067, stack(0x000000017109c000,0x000000017129f000)]
  0x0000000117808200 JavaThread "Sweeper thread" daemon [_thread_blocked, id=24579, stack(0x00000001712a8000,0x00000001714ab000)]
  0x000000011a00a000 JavaThread "Common-Cleaner" daemon [_thread_blocked, id=40451, stack(0x00000001714b4000,0x00000001716b7000)]
  0x000000012907d600 JavaThread "JDWP Transport Listener: dt_socket" daemon [_thread_blocked, id=25347, stack(0x00000001716c0000,0x00000001718c3000)]
  0x000000012907fe00 JavaThread "JDWP Event Helper Thread" daemon [_thread_blocked, id=25859, stack(0x00000001718cc000,0x0000000171acf000)]
  0x0000000129080400 JavaThread "JDWP Command Reader" daemon [_thread_in_native, id=38915, stack(0x0000000171ad8000,0x0000000171cdb000)]
  0x00000001290dc400 JavaThread "rebel-CacheKeepAlive" daemon [_thread_blocked, id=32003, stack(0x000000017315c000,0x000000017335f000)]
  0x0000000117058800 JavaThread "rebel-logger" daemon [_thread_blocked, id=51203, stack(0x0000000175a4c000,0x0000000175c4f000)]
  0x00000001298be000 JavaThread "process reaper" daemon [_thread_in_native, id=81415, stack(0x00000001745d4000,0x000000017460b000)]
  0x0000000128820a00 JavaThread "rebel-fsnotify-ShutdownOnTermination" daemon [_thread_blocked, id=80903, stack(0x0000000174614000,0x0000000174817000)]
  0x0000000129101000 JavaThread "rebel-fsnotify-OutputReader" daemon [_thread_in_native, id=84743, stack(0x0000000174820000,0x0000000174a23000)]
  0x000000011a075c00 JavaThread "rebel-fsnotify-OutputReader" daemon [_thread_in_native, id=46855, stack(0x0000000174a2c000,0x0000000174c2f000)]
  0x000000011910e400 JavaThread "rebel-cache-writer" daemon [_thread_blocked, id=26887, stack(0x0000000171ce4000,0x0000000171ee7000)]
  0x0000000128a94200 JavaThread "rebel-weak-reaper" daemon [_thread_blocked, id=29191, stack(0x0000000171ef0000,0x00000001720f3000)]
  0x00000001171bb400 JavaThread "rebel-leaseManager-1" daemon [_thread_blocked, id=26375, stack(0x0000000172308000,0x000000017250b000)]
  0x000000011a129600 JavaThread "rebel-IDENotificationsImpl-PostCycle" daemon [_thread_blocked, id=36615, stack(0x0000000172720000,0x0000000172923000)]
  0x0000000117a89c00 JavaThread "rebel-redeploy-thread" daemon [_thread_blocked, id=34055, stack(0x000000017292c000,0x0000000172b2f000)]
  0x0000000117a8a200 JavaThread "rebel-heartbeat-thread" daemon [_thread_blocked, id=29959, stack(0x0000000172b38000,0x0000000172d3b000)]
  0x0000000117181c00 JavaThread "rebel-debugger-attach-notifier" daemon [_thread_blocked, id=29703, stack(0x0000000172d44000,0x0000000172f47000)]
  0x00000001171bea00 JavaThread "rebel-debugger-thread" daemon [_thread_blocked, id=30983, stack(0x0000000172f50000,0x0000000173153000)]
=>0x00000001291bc600 JavaThread "rebel-change-detector-thread" daemon [_thread_in_vm, id=84999, stack(0x0000000174c38000,0x0000000174e3b000)]
  0x0000000117aef000 JavaThread "rebel-build-info" daemon [_thread_blocked, id=45575, stack(0x0000000174e44000,0x0000000175047000)]
  0x00000001291f9c00 JavaThread "Notification Thread" daemon [_thread_blocked, id=49671, stack(0x000000017525c000,0x000000017545f000)]
  0x000000011703c200 JavaThread "RMI TCP Accept-0" daemon [_thread_in_native, id=83207, stack(0x0000000175468000,0x000000017566b000)]
  0x0000000128c21c00 JavaThread "Attach Listener" daemon [_thread_blocked, id=83979, stack(0x0000000176488000,0x000000017668b000)]
  0x00000001175f3a00 JavaThread "RMI Scheduler(0)" daemon [_thread_blocked, id=76035, stack(0x0000000176aac000,0x0000000176caf000)]
  0x00000001193d0600 JavaThread "rebel-messaging-executor-82" daemon [_thread_blocked, id=79879, stack(0x0000000175e64000,0x0000000176067000)]
  0x000000011a498000 JavaThread "Catalina-utility-1" [_thread_blocked, id=79623, stack(0x0000000175c58000,0x0000000175e5b000)]
  0x0000000117db6800 JavaThread "Catalina-utility-2" [_thread_blocked, id=53519, stack(0x0000000176070000,0x0000000176273000)]
  0x0000000117dbe400 JavaThread "container-0" [_thread_blocked, id=78095, stack(0x000000017627c000,0x000000017647f000)]
  0x000000012e881e00 JavaThread "File Watcher" daemon [_thread_blocked, id=56087, stack(0x0000000176694000,0x0000000176897000)]
  0x000000012dbaec00 JavaThread "Live Reload Server" daemon [_thread_in_native, id=27671, stack(0x0000000176cb8000,0x0000000176ebb000)]
  0x00000001295b1400 JavaThread "Atmosphere-Shared-0" daemon [_thread_blocked, id=73731, stack(0x00000001772dc000,0x00000001774df000)]
  0x00000001295cfe00 JavaThread "http-nio-8080-exec-1" daemon [_thread_blocked, id=57603, stack(0x00000001774e8000,0x00000001776eb000)]
  0x0000000129568000 JavaThread "http-nio-8080-exec-2" daemon [_thread_blocked, id=72963, stack(0x00000001776f4000,0x00000001778f7000)]
  0x000000012dbd0000 JavaThread "http-nio-8080-exec-3" daemon [_thread_blocked, id=58371, stack(0x0000000177900000,0x0000000177b03000)]
  0x000000012dbe4e00 JavaThread "http-nio-8080-exec-4" daemon [_thread_blocked, id=58883, stack(0x0000000177b0c000,0x0000000177d0f000)]
  0x000000011a657a00 JavaThread "http-nio-8080-exec-5" daemon [_thread_blocked, id=59907, stack(0x0000000177d18000,0x0000000177f1b000)]
  0x00000001295d2800 JavaThread "http-nio-8080-exec-6" daemon [_thread_blocked, id=70915, stack(0x0000000298004000,0x0000000298207000)]
  0x0000000117ef2e00 JavaThread "http-nio-8080-exec-7" daemon [_thread_blocked, id=60675, stack(0x0000000298210000,0x0000000298413000)]
  0x000000012960e000 JavaThread "http-nio-8080-exec-8" daemon [_thread_blocked, id=61443, stack(0x000000029841c000,0x000000029861f000)]
  0x0000000129b9fe00 JavaThread "http-nio-8080-exec-9" daemon [_thread_blocked, id=69379, stack(0x0000000298628000,0x000000029882b000)]
  0x000000012f8b1e00 JavaThread "http-nio-8080-exec-10" daemon [_thread_blocked, id=68611, stack(0x0000000298834000,0x0000000298a37000)]
  0x000000012e974200 JavaThread "http-nio-8080-Poller" daemon [_thread_in_native, id=62723, stack(0x0000000298a40000,0x0000000298c43000)]
  0x000000012e96be00 JavaThread "http-nio-8080-Acceptor" daemon [_thread_in_native, id=63491, stack(0x0000000298c4c000,0x0000000298e4f000)]
  0x000000011a65a800 JavaThread "ForkJoinPool.commonPool-worker-5" daemon [_thread_blocked, id=64259, stack(0x0000000298e58000,0x000000029905b000)]
  0x0000000129c7a400 JavaThread "Thread-18" daemon [_thread_in_native, id=67331, stack(0x0000000299064000,0x0000000299267000)]
  0x0000000117f18800 JavaThread "process reaper" daemon [_thread_in_native, id=66819, stack(0x00000001758c0000,0x00000001758f7000)]
  0x000000012e95be00 JavaThread "DestroyJavaVM" [_thread_blocked, id=9731, stack(0x000000016f900000,0x000000016fb03000)]
  0x0000000119a00800 JavaThread "dev-server-output" daemon [_thread_in_native, id=173323, stack(0x0000000299270000,0x0000000299473000)]
  0x000000012dc5e200 JavaThread "Java2D Disposer" daemon [_thread_blocked, id=66575, stack(0x0000000299894000,0x0000000299a97000)]
  0x000000012f92e000 JavaThread "AppKit Thread" daemon [_thread_in_native, id=259, stack(0x000000016d874000,0x000000016f874000)]
  0x0000000129653600 JavaThread "Atmosphere-Scheduler-8" daemon [_thread_blocked, id=52759, stack(0x0000000172514000,0x0000000172717000)]
  0x000000012964c200 JavaThread "Atmosphere-Shared-3" daemon [_thread_blocked, id=55311, stack(0x00000001768a0000,0x0000000176aa3000)]
  0x00000001295fc200 JavaThread "WebSocket background processing" daemon [_thread_blocked, id=54295, stack(0x00000001770d0000,0x00000001772d3000)]
  0x000000011a6b1e00 JavaThread "Atmosphere-Scheduler-9" daemon [_thread_blocked, id=174355, stack(0x0000000175050000,0x0000000175253000)]

Other Threads:
  0x0000000118704580 VMThread "VM Thread" [stack: 0x0000000170548000,0x000000017074b000] [id=18179] _threads_hazard_ptr=0x00006000026fab80
  0x000000011873c6c0 WatcherThread [stack: 0x0000000175674000,0x0000000175877000] [id=48135]
  0x000000012a007240 GCTaskThread "GC Thread#0" [stack: 0x000000016fb0c000,0x000000016fd0f000] [id=12547]
  0x000000011870e270 GCTaskThread "GC Thread#1" [stack: 0x0000000173368000,0x000000017356b000] [id=33283]
  0x000000011870eb80 GCTaskThread "GC Thread#2" [stack: 0x0000000173574000,0x0000000173777000] [id=32771]
  0x000000011870f630 GCTaskThread "GC Thread#3" [stack: 0x0000000173780000,0x0000000173983000] [id=43523]
  0x00000001187100e0 GCTaskThread "GC Thread#4" [stack: 0x000000017398c000,0x0000000173b8f000] [id=43779]
  0x0000000118710b90 GCTaskThread "GC Thread#5" [stack: 0x0000000173b98000,0x0000000173d9b000] [id=44035]
  0x0000000118711640 GCTaskThread "GC Thread#6" [stack: 0x0000000173da4000,0x0000000173fa7000] [id=44291]
  0x00000001187120f0 GCTaskThread "GC Thread#7" [stack: 0x0000000173fb0000,0x00000001741b3000] [id=44803]
  0x000000011891b240 GCTaskThread "GC Thread#8" [stack: 0x00000001741bc000,0x00000001743bf000] [id=45059]
  0x000000012a007b30 ConcurrentGCThread "G1 Main Marker" [stack: 0x000000016fd18000,0x000000016ff1b000] [id=19459]
  0x00000001186041a0 ConcurrentGCThread "G1 Conc#0" [stack: 0x000000016ff24000,0x0000000170127000] [id=18691]
  0x000000011892d900 ConcurrentGCThread "G1 Conc#1" [stack: 0x00000001720fc000,0x00000001722ff000] [id=31495]
  0x000000011890d070 ConcurrentGCThread "G1 Refine#0" [stack: 0x0000000170130000,0x0000000170333000] [id=18435]
  0x000000012a015cb0 ConcurrentGCThread "G1 Refine#1" [stack: 0x00000001743c8000,0x00000001745cb000] [id=85763]
  0x000000011890db50 ConcurrentGCThread "G1 Young RemSet Sampling" [stack: 0x000000017033c000,0x000000017053f000] [id=13827]

Threads with active compile tasks:

VM state: not at safepoint (normal execution)

VM Mutex/Monitor currently owned by a thread: None

Heap address: 0x00000005c0000000, size: 8192 MB, Compressed Oops mode: Zero based, Oop shift amount: 3
Compressed class space mapped at: 0x0000000300000000-0x0000000340000000, size: 1073741824
Narrow klass base: 0x0000000000000000, Narrow klass shift: 3, Narrow klass range: 0x340000000

GC Precious Log:
 CPUs: 10 total, 10 available
 Memory: 32768M
 Large Page Support: Disabled
 NUMA Support: Disabled
 Compressed Oops: Enabled (Zero based)
 Heap Region Size: 4M
 Heap Min Capacity: 8M
 Heap Initial Capacity: 512M
 Heap Max Capacity: 8G
 Pre-touch: Disabled
 Parallel Workers: 9
 Concurrent Workers: 2
 Concurrent Refinement Workers: 9
 Periodic GC: Disabled

Heap:
 garbage-first heap   total 286720K, used 167312K [0x00000005c0000000, 0x00000007c0000000)
  region size 4096K, 30 young (122880K), 1 survivors (4096K)
 Metaspace       used 104865K, capacity 106552K, committed 106880K, reserved 1142784K
  class space    used 12704K, capacity 13230K, committed 13312K, reserved 1048576K

Heap Regions: E=young(eden), S=young(survivor), O=old, HS=humongous(starts), HC=humongous(continues), CS=collection set, F=free, OA=open archive, CA=closed archive, TAMS=top-at-mark-start (previous, next)
|   0|0x00000005c0000000, 0x00000005c0400000, 0x00000005c0400000|100%| O|  |TAMS 0x00000005c0400000, 0x00000005c0000000| Untracked 
|   1|0x00000005c0400000, 0x00000005c0800000, 0x00000005c0800000|100%| O|  |TAMS 0x00000005c0800000, 0x00000005c0400000| Untracked 
|   2|0x00000005c0800000, 0x00000005c0a56400, 0x00000005c0c00000| 58%| O|  |TAMS 0x00000005c0a56400, 0x00000005c0800000| Untracked 
|   3|0x00000005c0c00000, 0x00000005c1000000, 0x00000005c1000000|100%| O|  |TAMS 0x00000005c1000000, 0x00000005c0c00000| Untracked 
|   4|0x00000005c1000000, 0x00000005c1400000, 0x00000005c1400000|100%| O|  |TAMS 0x00000005c1400000, 0x00000005c1000000| Untracked 
|   5|0x00000005c1400000, 0x00000005c1800000, 0x00000005c1800000|100%| O|  |TAMS 0x00000005c1800000, 0x00000005c1400000| Untracked 
|   6|0x00000005c1800000, 0x00000005c1876400, 0x00000005c1c00000| 11%| O|  |TAMS 0x00000005c1876400, 0x00000005c1800000| Untracked 
|   7|0x00000005c1c00000, 0x00000005c2000000, 0x00000005c2000000|100%| O|  |TAMS 0x00000005c2000000, 0x00000005c1c00000| Untracked 
|   8|0x00000005c2000000, 0x00000005c2400000, 0x00000005c2400000|100%| O|  |TAMS 0x00000005c2400000, 0x00000005c2000000| Untracked 
|   9|0x00000005c2400000, 0x00000005c2800000, 0x00000005c2800000|100%| O|  |TAMS 0x00000005c2800000, 0x00000005c2400000| Untracked 
|  10|0x00000005c2800000, 0x00000005c2c00000, 0x00000005c2c00000|100%| O|  |TAMS 0x00000005c2c00000, 0x00000005c2800000| Untracked 
|  11|0x00000005c2c00000, 0x00000005c2f62200, 0x00000005c3000000| 84%| O|  |TAMS 0x00000005c2f62200, 0x00000005c2c00000| Untracked 
|  12|0x00000005c3000000, 0x00000005c33d4600, 0x00000005c3400000| 95%| O|  |TAMS 0x00000005c3000000, 0x00000005c3000000| Untracked 
|  13|0x00000005c3400000, 0x00000005c3400000, 0x00000005c3800000|  0%| F|  |TAMS 0x00000005c3400000, 0x00000005c3400000| Untracked 
|  14|0x00000005c3800000, 0x00000005c3800000, 0x00000005c3c00000|  0%| F|  |TAMS 0x00000005c3800000, 0x00000005c3800000| Untracked 
|  15|0x00000005c3c00000, 0x00000005c3c00000, 0x00000005c4000000|  0%| F|  |TAMS 0x00000005c3c00000, 0x00000005c3c00000| Untracked 
|  16|0x00000005c4000000, 0x00000005c4000000, 0x00000005c4400000|  0%| F|  |TAMS 0x00000005c4000000, 0x00000005c4000000| Untracked 
|  17|0x00000005c4400000, 0x00000005c4400000, 0x00000005c4800000|  0%| F|  |TAMS 0x00000005c4400000, 0x00000005c4400000| Untracked 
|  18|0x00000005c4800000, 0x00000005c4800000, 0x00000005c4c00000|  0%| F|  |TAMS 0x00000005c4800000, 0x00000005c4800000| Untracked 
|  19|0x00000005c4c00000, 0x00000005c4c00000, 0x00000005c5000000|  0%| F|  |TAMS 0x00000005c4c00000, 0x00000005c4c00000| Untracked 
|  20|0x00000005c5000000, 0x00000005c5000000, 0x00000005c5400000|  0%| F|  |TAMS 0x00000005c5000000, 0x00000005c5000000| Untracked 
|  21|0x00000005c5400000, 0x00000005c5400000, 0x00000005c5800000|  0%| F|  |TAMS 0x00000005c5400000, 0x00000005c5400000| Untracked 
|  22|0x00000005c5800000, 0x00000005c5800000, 0x00000005c5c00000|  0%| F|  |TAMS 0x00000005c5800000, 0x00000005c5800000| Untracked 
|  23|0x00000005c5c00000, 0x00000005c5c00000, 0x00000005c6000000|  0%| F|  |TAMS 0x00000005c5c00000, 0x00000005c5c00000| Untracked 
|  24|0x00000005c6000000, 0x00000005c6388800, 0x00000005c6400000| 88%| O|  |TAMS 0x00000005c6349e00, 0x00000005c6000000| Untracked 
|  25|0x00000005c6400000, 0x00000005c6400000, 0x00000005c6800000|  0%| F|  |TAMS 0x00000005c6400000, 0x00000005c6400000| Untracked 
|  26|0x00000005c6800000, 0x00000005c6800000, 0x00000005c6c00000|  0%| F|  |TAMS 0x00000005c6800000, 0x00000005c6800000| Untracked 
|  27|0x00000005c6c00000, 0x00000005c6dd8920, 0x00000005c7000000| 46%| S|CS|TAMS 0x00000005c6c00000, 0x00000005c6c00000| Complete 
|  28|0x00000005c7000000, 0x00000005c7000000, 0x00000005c7400000|  0%| F|  |TAMS 0x00000005c7000000, 0x00000005c7000000| Untracked 
|  29|0x00000005c7400000, 0x00000005c7400000, 0x00000005c7800000|  0%| F|  |TAMS 0x00000005c7400000, 0x00000005c7400000| Untracked 
|  30|0x00000005c7800000, 0x00000005c7800000, 0x00000005c7c00000|  0%| F|  |TAMS 0x00000005c7800000, 0x00000005c7800000| Untracked 
|  31|0x00000005c7c00000, 0x00000005c7c00000, 0x00000005c8000000|  0%| F|  |TAMS 0x00000005c7c00000, 0x00000005c7c00000| Untracked 
|  32|0x00000005c8000000, 0x00000005c8000000, 0x00000005c8400000|  0%| F|  |TAMS 0x00000005c8000000, 0x00000005c8000000| Untracked 
|  33|0x00000005c8400000, 0x00000005c8400000, 0x00000005c8800000|  0%| F|  |TAMS 0x00000005c8400000, 0x00000005c8400000| Untracked 
|  34|0x00000005c8800000, 0x00000005c8800000, 0x00000005c8c00000|  0%| F|  |TAMS 0x00000005c8800000, 0x00000005c8800000| Untracked 
|  35|0x00000005c8c00000, 0x00000005c8c00000, 0x00000005c9000000|  0%| F|  |TAMS 0x00000005c8c00000, 0x00000005c8c00000| Untracked 
|  36|0x00000005c9000000, 0x00000005c9000000, 0x00000005c9400000|  0%| F|  |TAMS 0x00000005c9000000, 0x00000005c9000000| Untracked 
|  37|0x00000005c9400000, 0x00000005c9400000, 0x00000005c9800000|  0%| F|  |TAMS 0x00000005c9400000, 0x00000005c9400000| Untracked 
|  38|0x00000005c9800000, 0x00000005c9800000, 0x00000005c9c00000|  0%| F|  |TAMS 0x00000005c9800000, 0x00000005c9800000| Untracked 
|  39|0x00000005c9c00000, 0x00000005c9c00000, 0x00000005ca000000|  0%| F|  |TAMS 0x00000005c9c00000, 0x00000005c9c00000| Untracked 
|  40|0x00000005ca000000, 0x00000005ca000000, 0x00000005ca400000|  0%| F|  |TAMS 0x00000005ca000000, 0x00000005ca000000| Untracked 
|  41|0x00000005ca400000, 0x00000005ca59e8b8, 0x00000005ca800000| 40%| E|  |TAMS 0x00000005ca400000, 0x00000005ca400000| Complete 
|  42|0x00000005ca800000, 0x00000005cac00000, 0x00000005cac00000|100%| E|CS|TAMS 0x00000005ca800000, 0x00000005ca800000| Complete 
|  43|0x00000005cac00000, 0x00000005cb000000, 0x00000005cb000000|100%| E|CS|TAMS 0x00000005cac00000, 0x00000005cac00000| Complete 
|  44|0x00000005cb000000, 0x00000005cb400000, 0x00000005cb400000|100%| E|CS|TAMS 0x00000005cb000000, 0x00000005cb000000| Complete 
|  45|0x00000005cb400000, 0x00000005cb800000, 0x00000005cb800000|100%| E|CS|TAMS 0x00000005cb400000, 0x00000005cb400000| Complete 
|  46|0x00000005cb800000, 0x00000005cbc00000, 0x00000005cbc00000|100%| E|CS|TAMS 0x00000005cb800000, 0x00000005cb800000| Complete 
|  47|0x00000005cbc00000, 0x00000005cc000000, 0x00000005cc000000|100%| E|CS|TAMS 0x00000005cbc00000, 0x00000005cbc00000| Complete 
|  48|0x00000005cc000000, 0x00000005cc400000, 0x00000005cc400000|100%| E|CS|TAMS 0x00000005cc000000, 0x00000005cc000000| Complete 
|  49|0x00000005cc400000, 0x00000005cc800000, 0x00000005cc800000|100%| E|CS|TAMS 0x00000005cc400000, 0x00000005cc400000| Complete 
|  50|0x00000005cc800000, 0x00000005ccc00000, 0x00000005ccc00000|100%| E|CS|TAMS 0x00000005cc800000, 0x00000005cc800000| Complete 
|  51|0x00000005ccc00000, 0x00000005cd000000, 0x00000005cd000000|100%| E|CS|TAMS 0x00000005ccc00000, 0x00000005ccc00000| Complete 
|  52|0x00000005cd000000, 0x00000005cd400000, 0x00000005cd400000|100%| E|CS|TAMS 0x00000005cd000000, 0x00000005cd000000| Complete 
|  53|0x00000005cd400000, 0x00000005cd800000, 0x00000005cd800000|100%| E|CS|TAMS 0x00000005cd400000, 0x00000005cd400000| Complete 
|  54|0x00000005cd800000, 0x00000005cdc00000, 0x00000005cdc00000|100%| E|CS|TAMS 0x00000005cd800000, 0x00000005cd800000| Complete 
|  55|0x00000005cdc00000, 0x00000005ce000000, 0x00000005ce000000|100%| E|CS|TAMS 0x00000005cdc00000, 0x00000005cdc00000| Complete 
|  56|0x00000005ce000000, 0x00000005ce400000, 0x00000005ce400000|100%| E|CS|TAMS 0x00000005ce000000, 0x00000005ce000000| Complete 
|  57|0x00000005ce400000, 0x00000005ce800000, 0x00000005ce800000|100%| E|CS|TAMS 0x00000005ce400000, 0x00000005ce400000| Complete 
|  58|0x00000005ce800000, 0x00000005cec00000, 0x00000005cec00000|100%| E|CS|TAMS 0x00000005ce800000, 0x00000005ce800000| Complete 
|  59|0x00000005cec00000, 0x00000005cf000000, 0x00000005cf000000|100%| E|CS|TAMS 0x00000005cec00000, 0x00000005cec00000| Complete 
|  60|0x00000005cf000000, 0x00000005cf400000, 0x00000005cf400000|100%| E|CS|TAMS 0x00000005cf000000, 0x00000005cf000000| Complete 
|  61|0x00000005cf400000, 0x00000005cf800000, 0x00000005cf800000|100%| E|CS|TAMS 0x00000005cf400000, 0x00000005cf400000| Complete 
|  62|0x00000005cf800000, 0x00000005cfc00000, 0x00000005cfc00000|100%| E|CS|TAMS 0x00000005cf800000, 0x00000005cf800000| Complete 
|  63|0x00000005cfc00000, 0x00000005d0000000, 0x00000005d0000000|100%| E|CS|TAMS 0x00000005cfc00000, 0x00000005cfc00000| Complete 
|  64|0x00000005d0000000, 0x00000005d0400000, 0x00000005d0400000|100%| E|CS|TAMS 0x00000005d0000000, 0x00000005d0000000| Complete 
|  65|0x00000005d0400000, 0x00000005d0800000, 0x00000005d0800000|100%| E|CS|TAMS 0x00000005d0400000, 0x00000005d0400000| Complete 
|  66|0x00000005d0800000, 0x00000005d0c00000, 0x00000005d0c00000|100%| E|CS|TAMS 0x00000005d0800000, 0x00000005d0800000| Complete 
|  67|0x00000005d0c00000, 0x00000005d1000000, 0x00000005d1000000|100%| E|CS|TAMS 0x00000005d0c00000, 0x00000005d0c00000| Complete 
|  75|0x00000005d2c00000, 0x00000005d3000000, 0x00000005d3000000|100%| E|CS|TAMS 0x00000005d2c00000, 0x00000005d2c00000| Complete 
| 127|0x00000005dfc00000, 0x00000005e0000000, 0x00000005e0000000|100%| E|CS|TAMS 0x00000005dfc00000, 0x00000005dfc00000| Complete 

Card table byte_map: [0x000000010aa40000,0x000000010ba40000] _byte_map_base: 0x0000000107c40000

Marking Bits (Prev, Next): (CMBitMap*) 0x0000000129047a10, (CMBitMap*) 0x0000000129047a50
 Prev Bits: [0x000000010ca40000, 0x0000000114a40000)
 Next Bits: [0x0000000147000000, 0x000000014f000000)

Polling page: 0x0000000100710000

Metaspace:

Usage:
  Non-class:     91.13 MB capacity,    90.00 MB ( 99%) used,  1001.57 KB (  1%) free+waste,   160.19 KB ( <1%) overhead. 
      Class:     12.92 MB capacity,    12.41 MB ( 96%) used,   462.15 KB (  3%) free+waste,    63.06 KB ( <1%) overhead. 
       Both:    104.05 MB capacity,   102.41 MB ( 98%) used,     1.43 MB (  1%) free+waste,   223.25 KB ( <1%) overhead. 

Virtual space:
  Non-class space:       92.00 MB reserved,      91.38 MB (>99%) committed 
      Class space:        1.00 GB reserved,      13.00 MB (  1%) committed 
             Both:        1.09 GB reserved,     104.38 MB (  9%) committed 

Chunk freelists:
   Non-Class:  230.00 KB
       Class:  18.00 KB
        Both:  248.00 KB

MaxMetaspaceSize: unlimited
CompressedClassSpaceSize: 1.00 GB

CodeHeap 'non-profiled nmethods': size=238384Kb used=24549Kb max_used=24549Kb free=213834Kb
 bounds [0x0000000138734000, 0x0000000139f34000, 0x0000000147000000]
CodeHeap 'non-nmethods': size=7376Kb used=1435Kb max_used=1435Kb free=5940Kb
 bounds [0x0000000138000000, 0x0000000138270000, 0x0000000138734000]
 total_blobs=15564 nmethods=14811 adapters=683
 compilation: enabled
              stopped_count=0, restarted_count=0
 full_count=0

Compilation events (20 events):
Event: 260.225 Thread 0x000000011a009200 15898       1       com.zeroturnaround.jrebel.bundled.org.apache.hc.core5.http.impl.io.j::a (5 bytes)
Event: 260.225 Thread 0x000000011a009200 nmethod 15898 0x0000000139f29110 code [0x0000000139f29280, 0x0000000139f293a8]
Event: 260.226 Thread 0x000000011a009200 15899       1       com.zeroturnaround.jrebel.bundled.org.apache.hc.core5.util.a::a (14 bytes)
Event: 260.226 Thread 0x000000011a009200 nmethod 15899 0x0000000139f29490 code [0x0000000139f29640, 0x0000000139f29798]
Event: 260.429 Thread 0x000000011a009200 15900       1       java.util.concurrent.atomic.AtomicReference::getAndSet (9 bytes)
Event: 260.430 Thread 0x000000011a009200 nmethod 15900 0x0000000139f29890 code [0x0000000139f29a80, 0x0000000139f29d58]
Event: 260.622 Thread 0x000000011a009200 15901       1       org.springframework.boot.devtools.filewatch.FileSystemWatcher$Watcher::getCurrentSnapshots (68 bytes)
Event: 260.622 Thread 0x000000011a009200 nmethod 15901 0x0000000139f29f90 code [0x0000000139f2a1c0, 0x0000000139f2a5f8]
Event: 260.634 Thread 0x000000011a009200 15902       1       java.lang.Long::toString (139 bytes)
Event: 260.634 Thread 0x000000011a009200 nmethod 15902 0x0000000139f2a990 code [0x0000000139f2ab80, 0x0000000139f2b048]
Event: 261.431 Thread 0x000000011a009200 15903       1       com.zeroturnaround.javarebel.frc::a (8 bytes)
Event: 261.431 Thread 0x000000011a009200 nmethod 15903 0x0000000139f2b310 code [0x0000000139f2b480, 0x0000000139f2b5a8]
Event: 261.431 Thread 0x000000011a009200 15904       1       com.zeroturnaround.javarebel.afs::a (26 bytes)
Event: 261.431 Thread 0x000000011a009200 nmethod 15904 0x0000000139f2b690 code [0x0000000139f2b800, 0x0000000139f2b928]
Event: 261.432 Thread 0x000000011a009200 15905   !   1       org.springframework.context.event.AbstractApplicationEventMulticaster::_jr$ldc93 (6 bytes)
Event: 261.433 Thread 0x000000011a009200 nmethod 15905 0x0000000139f2b990 code [0x0000000139f2bb00, 0x0000000139f2bba8]
Event: 261.433 Thread 0x000000011a009200 15906   !   1       org.springframework.context.event.AbstractApplicationEventMulticaster::_jr$ldc71 (6 bytes)
Event: 261.433 Thread 0x000000011a009200 nmethod 15906 0x0000000139f2bc90 code [0x0000000139f2be00, 0x0000000139f2bea8]
Event: 261.742 Thread 0x000000011a009200 15908       1       com.zeroturnaround.reload.b::a (138 bytes)
Event: 261.743 Thread 0x000000011a009200 nmethod 15908 0x0000000139f2c390 code [0x0000000139f2c680, 0x0000000139f2d0a8]

GC Heap History (20 events):
Event: 175.660 GC heap before
{Heap before GC invocations=160 (full 0):
 garbage-first heap   total 286720K, used 220528K [0x00000005c0000000, 0x00000007c0000000)
  region size 4096K, 42 young (172032K), 1 survivors (4096K)
 Metaspace       used 104701K, capacity 106418K, committed 106880K, reserved 1142784K
  class space    used 12690K, capacity 13229K, committed 13312K, reserved 1048576K
}
Event: 175.663 GC heap after
{Heap after GC invocations=161 (full 0):
 garbage-first heap   total 286720K, used 52589K [0x00000005c0000000, 0x00000007c0000000)
  region size 4096K, 1 young (4096K), 1 survivors (4096K)
 Metaspace       used 104701K, capacity 106418K, committed 106880K, reserved 1142784K
  class space    used 12690K, capacity 13229K, committed 13312K, reserved 1048576K
}
Event: 176.594 GC heap before
{Heap before GC invocations=161 (full 0):
 garbage-first heap   total 286720K, used 220525K [0x00000005c0000000, 0x00000007c0000000)
  region size 4096K, 42 young (172032K), 1 survivors (4096K)
 Metaspace       used 104701K, capacity 106418K, committed 106880K, reserved 1142784K
  class space    used 12690K, capacity 13229K, committed 13312K, reserved 1048576K
}
Event: 176.597 GC heap after
{Heap after GC invocations=162 (full 0):
 garbage-first heap   total 286720K, used 52555K [0x00000005c0000000, 0x00000007c0000000)
  region size 4096K, 1 young (4096K), 1 survivors (4096K)
 Metaspace       used 104701K, capacity 106418K, committed 106880K, reserved 1142784K
  class space    used 12690K, capacity 13229K, committed 13312K, reserved 1048576K
}
Event: 177.483 GC heap before
{Heap before GC invocations=162 (full 0):
 garbage-first heap   total 286720K, used 220491K [0x00000005c0000000, 0x00000007c0000000)
  region size 4096K, 42 young (172032K), 1 survivors (4096K)
 Metaspace       used 104701K, capacity 106418K, committed 106880K, reserved 1142784K
  class space    used 12690K, capacity 13229K, committed 13312K, reserved 1048576K
}
Event: 177.486 GC heap after
{Heap after GC invocations=163 (full 0):
 garbage-first heap   total 286720K, used 52538K [0x00000005c0000000, 0x00000007c0000000)
  region size 4096K, 1 young (4096K), 1 survivors (4096K)
 Metaspace       used 104701K, capacity 106418K, committed 106880K, reserved 1142784K
  class space    used 12690K, capacity 13229K, committed 13312K, reserved 1048576K
}
Event: 178.397 GC heap before
{Heap before GC invocations=163 (full 0):
 garbage-first heap   total 286720K, used 220474K [0x00000005c0000000, 0x00000007c0000000)
  region size 4096K, 42 young (172032K), 1 survivors (4096K)
 Metaspace       used 104701K, capacity 106418K, committed 106880K, reserved 1142784K
  class space    used 12690K, capacity 13229K, committed 13312K, reserved 1048576K
}
Event: 178.400 GC heap after
{Heap after GC invocations=164 (full 0):
 garbage-first heap   total 286720K, used 52618K [0x00000005c0000000, 0x00000007c0000000)
  region size 4096K, 1 young (4096K), 1 survivors (4096K)
 Metaspace       used 104701K, capacity 106418K, committed 106880K, reserved 1142784K
  class space    used 12690K, capacity 13229K, committed 13312K, reserved 1048576K
}
Event: 179.248 GC heap before
{Heap before GC invocations=164 (full 0):
 garbage-first heap   total 286720K, used 220554K [0x00000005c0000000, 0x00000007c0000000)
  region size 4096K, 42 young (172032K), 1 survivors (4096K)
 Metaspace       used 104701K, capacity 106418K, committed 106880K, reserved 1142784K
  class space    used 12690K, capacity 13229K, committed 13312K, reserved 1048576K
}
Event: 179.251 GC heap after
{Heap after GC invocations=165 (full 0):
 garbage-first heap   total 286720K, used 52545K [0x00000005c0000000, 0x00000007c0000000)
  region size 4096K, 1 young (4096K), 1 survivors (4096K)
 Metaspace       used 104701K, capacity 106418K, committed 106880K, reserved 1142784K
  class space    used 12690K, capacity 13229K, committed 13312K, reserved 1048576K
}
Event: 180.110 GC heap before
{Heap before GC invocations=165 (full 0):
 garbage-first heap   total 286720K, used 220481K [0x00000005c0000000, 0x00000007c0000000)
  region size 4096K, 42 young (172032K), 1 survivors (4096K)
 Metaspace       used 104701K, capacity 106418K, committed 106880K, reserved 1142784K
  class space    used 12690K, capacity 13229K, committed 13312K, reserved 1048576K
}
Event: 180.114 GC heap after
{Heap after GC invocations=166 (full 0):
 garbage-first heap   total 286720K, used 52618K [0x00000005c0000000, 0x00000007c0000000)
  region size 4096K, 1 young (4096K), 1 survivors (4096K)
 Metaspace       used 104701K, capacity 106418K, committed 106880K, reserved 1142784K
  class space    used 12690K, capacity 13229K, committed 13312K, reserved 1048576K
}
Event: 181.030 GC heap before
{Heap before GC invocations=166 (full 0):
 garbage-first heap   total 286720K, used 220554K [0x00000005c0000000, 0x00000007c0000000)
  region size 4096K, 42 young (172032K), 1 survivors (4096K)
 Metaspace       used 104701K, capacity 106418K, committed 106880K, reserved 1142784K
  class space    used 12690K, capacity 13229K, committed 13312K, reserved 1048576K
}
Event: 181.033 GC heap after
{Heap after GC invocations=167 (full 0):
 garbage-first heap   total 286720K, used 52581K [0x00000005c0000000, 0x00000007c0000000)
  region size 4096K, 1 young (4096K), 1 survivors (4096K)
 Metaspace       used 104701K, capacity 106418K, committed 106880K, reserved 1142784K
  class space    used 12690K, capacity 13229K, committed 13312K, reserved 1048576K
}
Event: 181.905 GC heap before
{Heap before GC invocations=167 (full 0):
 garbage-first heap   total 286720K, used 220517K [0x00000005c0000000, 0x00000007c0000000)
  region size 4096K, 42 young (172032K), 1 survivors (4096K)
 Metaspace       used 104701K, capacity 106418K, committed 106880K, reserved 1142784K
  class space    used 12690K, capacity 13229K, committed 13312K, reserved 1048576K
}
Event: 181.908 GC heap after
{Heap after GC invocations=168 (full 0):
 garbage-first heap   total 286720K, used 52637K [0x00000005c0000000, 0x00000007c0000000)
  region size 4096K, 1 young (4096K), 1 survivors (4096K)
 Metaspace       used 104701K, capacity 106418K, committed 106880K, reserved 1142784K
  class space    used 12690K, capacity 13229K, committed 13312K, reserved 1048576K
}
Event: 182.789 GC heap before
{Heap before GC invocations=168 (full 0):
 garbage-first heap   total 286720K, used 220573K [0x00000005c0000000, 0x00000007c0000000)
  region size 4096K, 42 young (172032K), 1 survivors (4096K)
 Metaspace       used 104701K, capacity 106418K, committed 106880K, reserved 1142784K
  class space    used 12690K, capacity 13229K, committed 13312K, reserved 1048576K
}
Event: 182.792 GC heap after
{Heap after GC invocations=169 (full 0):
 garbage-first heap   total 286720K, used 52567K [0x00000005c0000000, 0x00000007c0000000)
  region size 4096K, 1 young (4096K), 1 survivors (4096K)
 Metaspace       used 104701K, capacity 106418K, committed 106880K, reserved 1142784K
  class space    used 12690K, capacity 13229K, committed 13312K, reserved 1048576K
}
Event: 183.635 GC heap before
{Heap before GC invocations=169 (full 0):
 garbage-first heap   total 286720K, used 220503K [0x00000005c0000000, 0x00000007c0000000)
  region size 4096K, 42 young (172032K), 1 survivors (4096K)
 Metaspace       used 104701K, capacity 106418K, committed 106880K, reserved 1142784K
  class space    used 12690K, capacity 13229K, committed 13312K, reserved 1048576K
}
Event: 183.638 GC heap after
{Heap after GC invocations=170 (full 0):
 garbage-first heap   total 286720K, used 52624K [0x00000005c0000000, 0x00000007c0000000)
  region size 4096K, 1 young (4096K), 1 survivors (4096K)
 Metaspace       used 104701K, capacity 106418K, committed 106880K, reserved 1142784K
  class space    used 12690K, capacity 13229K, committed 13312K, reserved 1048576K
}

Deoptimization events (20 events):
Event: 261.634 Thread 0x0000000117aef000 DEOPT PACKING pc=0x0000000139f12b04 sp=0x00000001750452d0
Event: 261.634 Thread 0x0000000117aef000 DEOPT UNPACKING pc=0x0000000138039bfc sp=0x00000001750450a0 mode 3
Event: 261.634 Thread 0x0000000117aef000 DEOPT PACKING pc=0x0000000139f14310 sp=0x00000001750453a0
Event: 261.634 Thread 0x0000000117aef000 DEOPT UNPACKING pc=0x0000000138039bfc sp=0x00000001750451a0 mode 1
Event: 261.634 Thread 0x0000000117aef000 DEOPT PACKING pc=0x0000000139f13334 sp=0x00000001750454a0
Event: 261.634 Thread 0x0000000117aef000 DEOPT UNPACKING pc=0x0000000138039bfc sp=0x00000001750452f0 mode 1
Event: 261.634 Thread 0x0000000117aef000 DEOPT PACKING pc=0x0000000139f16acc sp=0x00000001750455c0
Event: 261.634 Thread 0x0000000117aef000 DEOPT UNPACKING pc=0x0000000138039bfc sp=0x0000000175045370 mode 1
Event: 261.634 Thread 0x0000000117aef000 DEOPT PACKING pc=0x0000000139f166d4 sp=0x0000000175045620
Event: 261.634 Thread 0x0000000117aef000 DEOPT UNPACKING pc=0x0000000138039bfc sp=0x0000000175045400 mode 1
Event: 261.634 Thread 0x0000000117aef000 DEOPT PACKING pc=0x0000000138f89778 sp=0x0000000175045770
Event: 261.634 Thread 0x0000000117aef000 DEOPT UNPACKING pc=0x0000000138039bfc sp=0x00000001750455a0 mode 1
Event: 261.743 Thread 0x00000001291bc600 DEOPT PACKING pc=0x0000000139ed59f8 sp=0x0000000174e3a6c0
Event: 261.743 Thread 0x00000001291bc600 DEOPT UNPACKING pc=0x0000000138039bfc sp=0x0000000174e3a500 mode 3
Event: 261.793 Thread 0x0000000129101000 DEOPT PACKING pc=0x0000000139339144 sp=0x0000000174a221e0
Event: 261.793 Thread 0x0000000129101000 DEOPT UNPACKING pc=0x0000000138039bfc sp=0x0000000174a21f40 mode 0
Event: 261.793 Thread 0x0000000129101000 DEOPT PACKING pc=0x0000000138b1e470 sp=0x0000000174a22270
Event: 261.793 Thread 0x0000000129101000 DEOPT UNPACKING pc=0x0000000138039bfc sp=0x0000000174a22080 mode 0
Event: 261.793 Thread 0x0000000129101000 DEOPT PACKING pc=0x0000000138c9b250 sp=0x0000000174a22340
Event: 261.793 Thread 0x0000000129101000 DEOPT UNPACKING pc=0x0000000138039bfc sp=0x0000000174a22130 mode 0

Classes unloaded (0 events):
No events

Classes redefined (16 events):
Event: 0.450 Thread 0x0000000118704580 redefined class name=com.zeroturnaround.jrebelbase.facade.ay, count=1
Event: 0.450 Thread 0x0000000118704580 redefined class name=com.zeroturnaround.jrebelbase.facade.as, count=1
Event: 0.450 Thread 0x0000000118704580 redefined class name=com.zeroturnaround.jrebelbase.facade.a, count=1
Event: 0.451 Thread 0x0000000118704580 redefined class name=com.zeroturnaround.jrebelbase.d, count=1
Event: 0.451 Thread 0x0000000118704580 redefined class name=com.zeroturnaround.jrebelbase.facade.f, count=1
Event: 0.451 Thread 0x0000000118704580 redefined class name=com.zeroturnaround.jrebelbase.facade.e, count=1
Event: 0.451 Thread 0x0000000118704580 redefined class name=com.zeroturnaround.jrebelbase.facade.g, count=1
Event: 0.451 Thread 0x0000000118704580 redefined class name=com.zeroturnaround.jrebelbase.facade.ad, count=1
Event: 261.761 Thread 0x0000000118704580 redefined class name=com.zeroturnaround.jrebelbase.facade.ay, count=2
Event: 261.761 Thread 0x0000000118704580 redefined class name=com.zeroturnaround.jrebelbase.facade.as, count=2
Event: 261.761 Thread 0x0000000118704580 redefined class name=com.zeroturnaround.jrebelbase.facade.a, count=2
Event: 261.763 Thread 0x0000000118704580 redefined class name=com.zeroturnaround.jrebelbase.d, count=2
Event: 261.763 Thread 0x0000000118704580 redefined class name=com.zeroturnaround.jrebelbase.facade.f, count=2
Event: 261.763 Thread 0x0000000118704580 redefined class name=com.zeroturnaround.jrebelbase.facade.e, count=2
Event: 261.763 Thread 0x0000000118704580 redefined class name=com.zeroturnaround.jrebelbase.facade.g, count=2
Event: 261.764 Thread 0x0000000118704580 redefined class name=com.zeroturnaround.jrebelbase.facade.ad, count=2

Internal exceptions (20 events):
Event: 2.852 Thread 0x000000012901c600 Exception <a 'java/lang/NoSuchMethodError'{0x00000005c8956f70}: 'int java.lang.invoke.DirectMethodHandle$Holder.invokeStaticInit(java.lang.Object)'> (0x00000005c8956f70) 
thrown [src/hotspot/share/interpreter/linkResolver.cpp, line 782]
Event: 2.877 Thread 0x0000000128dc1a00 Exception <a 'java/lang/NoSuchMethodError'{0x00000005c835c228}: 'java.lang.Object java.lang.invoke.DirectMethodHandle$Holder.newInvokeSpecial(java.lang.Object, java.lang.Object, java.lang.Object, java.lang.Object, int, java.lang.Object)'> (0x00000005c835c228) 
thrown [src/hotspot/share/interpreter/linkResolver.cpp, line 782]
Event: 2.877 Thread 0x0000000128dc1a00 Exception <a 'java/lang/NoSuchMethodError'{0x00000005c8360bc0}: 'java.lang.Object java.lang.invoke.DirectMethodHandle$Holder.invokeSpecial(java.lang.Object, java.lang.Object, java.lang.Object, java.lang.Object, java.lang.Object, int, java.lang.Object)'> (0x00000005c8360bc0) 
thrown [src/hotspot/share/interpreter/linkResolver.cpp, line 782]
Event: 2.877 Thread 0x0000000128dc1a00 Exception <a 'java/lang/NoSuchMethodError'{0x00000005c8364ea8}: 'java.lang.Object java.lang.invoke.Invokers$Holder.linkToTargetMethod(java.lang.Object, java.lang.Object, java.lang.Object, int, java.lang.Object, java.lang.Object)'> (0x00000005c8364ea8) 
thrown [src/hotspot/share/interpreter/linkResolver.cpp, line 782]
Event: 2.896 Thread 0x000000012901c600 Exception <a 'java/lang/NoSuchMethodError'{0x00000005c7f4e348}: 'void java.lang.invoke.DirectMethodHandle$Holder.invokeVirtual(java.lang.Object, java.lang.Object, int)'> (0x00000005c7f4e348) 
thrown [src/hotspot/share/interpreter/linkResolver.cpp, line 782]
Event: 2.897 Thread 0x000000012901c600 Exception <a 'java/lang/NoSuchMethodError'{0x00000005c7f80cd0}: 'void java.lang.invoke.DirectMethodHandle$Holder.invokeVirtual(java.lang.Object, java.lang.Object, long)'> (0x00000005c7f80cd0) 
thrown [src/hotspot/share/interpreter/linkResolver.cpp, line 782]
Event: 2.963 Thread 0x000000012901c600 Exception <a 'java/lang/IncompatibleClassChangeError'{0x00000005c656f448}: Found class java.lang.Object, but interface was expected> (0x00000005c656f448) 
thrown [src/hotspot/share/interpreter/linkResolver.cpp, line 848]
Event: 3.054 Thread 0x0000000128dc1a00 Exception <a 'java/lang/NoSuchMethodError'{0x00000005dffe2af8}: 'java.lang.Object java.lang.invoke.DirectMethodHandle$Holder.invokeStatic(java.lang.Object, int, java.lang.Object)'> (0x00000005dffe2af8) 
thrown [src/hotspot/share/interpreter/linkResolver.cpp, line 782]
Event: 3.115 Thread 0x000000012901c600 Exception <a 'java/lang/NoSuchMethodError'{0x00000005c897e318}: 'java.lang.Object java.lang.invoke.DirectMethodHandle$Holder.newInvokeSpecial(java.lang.Object, java.lang.Object, int, java.lang.Object, java.lang.Object)'> (0x00000005c897e318) 
thrown [src/hotspot/share/interpreter/linkResolver.cpp, line 782]
Event: 3.115 Thread 0x000000012901c600 Exception <a 'java/lang/NoSuchMethodError'{0x00000005c8982ad0}: 'java.lang.Object java.lang.invoke.DirectMethodHandle$Holder.invokeSpecial(java.lang.Object, java.lang.Object, java.lang.Object, int, java.lang.Object, java.lang.Object)'> (0x00000005c8982ad0) 
thrown [src/hotspot/share/interpreter/linkResolver.cpp, line 782]
Event: 3.116 Thread 0x000000012901c600 Exception <a 'java/lang/NoSuchMethodError'{0x00000005c898b040}: 'java.lang.Object java.lang.invoke.DirectMethodHandle$Holder.invokeSpecial(java.lang.Object, java.lang.Object, int, java.lang.Object, int, java.lang.Object)'> (0x00000005c898b040) 
thrown [src/hotspot/share/interpreter/linkResolver.cpp, line 782]
Event: 3.116 Thread 0x000000012901c600 Exception <a 'java/lang/NoSuchMethodError'{0x00000005c89975c0}: 'java.lang.Object java.lang.invoke.DirectMethodHandle$Holder.newInvokeSpecial(java.lang.Object, java.lang.Object, int, java.lang.Object, int)'> (0x00000005c89975c0) 
thrown [src/hotspot/share/interpreter/linkResolver.cpp, line 782]
Event: 3.116 Thread 0x000000012901c600 Exception <a 'java/lang/NoSuchMethodError'{0x00000005c899bca0}: 'java.lang.Object java.lang.invoke.DirectMethodHandle$Holder.invokeSpecial(java.lang.Object, java.lang.Object, java.lang.Object, int, java.lang.Object, int)'> (0x00000005c899bca0) 
thrown [src/hotspot/share/interpreter/linkResolver.cpp, line 782]
Event: 3.256 Thread 0x0000000128dc1a00 Exception <a 'java/lang/IncompatibleClassChangeError'{0x00000005c5c8a220}: Found class java.lang.Object, but interface was expected> (0x00000005c5c8a220) 
thrown [src/hotspot/share/interpreter/linkResolver.cpp, line 848]
Event: 4.958 Thread 0x000000012960e000 Exception <a 'java/lang/ClassNotFoundException'{0x00000005c9d227f8}: sun/awt/resources/spi/awtProvider> (0x00000005c9d227f8) 
thrown [src/hotspot/share/classfile/systemDictionary.cpp, line 295]
Event: 4.963 Thread 0x000000012960e000 Exception <a 'java/io/FileNotFoundException'{0x00000005c9d3f618}> (0x00000005c9d3f618) 
thrown [src/hotspot/share/prims/jni.cpp, line 578]
Event: 4.963 Thread 0x000000012960e000 Exception <a 'java/io/FileNotFoundException'{0x00000005c9d40df0}> (0x00000005c9d40df0) 
thrown [src/hotspot/share/prims/jni.cpp, line 578]
Event: 4.990 Thread 0x000000012960e000 Exception <a 'java/lang/ClassNotFoundException'{0x00000005c985d538}: sun/awt/resources/spi/awtosxProvider> (0x00000005c985d538) 
thrown [src/hotspot/share/classfile/systemDictionary.cpp, line 295]
Event: 7.811 Thread 0x000000012960e000 Exception <a 'java/lang/NoSuchMethodError'{0x00000005cfad36b8}: 'int java.lang.invoke.DirectMethodHandle$Holder.invokeStatic(java.lang.Object, java.lang.Object, java.lang.Object, java.lang.Object, java.lang.Object)'> (0x00000005cfad36b8) 
thrown [src/hotspot/share/interpreter/linkResolver.cpp, line 782]
Event: 184.315 Thread 0x000000011a657a00 Exception <a 'java/io/IOException'{0x00000005cb033430}> (0x00000005cb033430) 
thrown [src/hotspot/share/prims/jni.cpp, line 578]

Events (20 events):
Event: 261.635 loading class com/zeroturnaround/jrebel/bundled/org/apache/hc/core5/http/ba done
Event: 261.635 loading class com/zeroturnaround/jrebel/bundled/org/apache/hc/core5/http/at
Event: 261.636 loading class com/zeroturnaround/jrebel/bundled/org/apache/hc/core5/http/at done
Event: 261.637 loading class com/zeroturnaround/reload/g
Event: 261.637 loading class com/zeroturnaround/reload/g done
Event: 261.639 Executing VM operation: HandshakeAllThreads
Event: 261.639 Executing VM operation: HandshakeAllThreads done
Event: 261.743 loading class com/zeroturnaround/javarebel/ged
Event: 261.743 loading class com/zeroturnaround/javarebel/ged done
Event: 261.743 loading class com/zeroturnaround/javarebel/kv
Event: 261.743 loading class com/zeroturnaround/javarebel/kv done
Event: 261.744 loading class com/zeroturnaround/reload/aj
Event: 261.744 loading class com/zeroturnaround/reload/al
Event: 261.744 loading class com/zeroturnaround/reload/al done
Event: 261.744 loading class com/zeroturnaround/reload/aj done
Event: 261.746 loading class com/zeroturnaround/javarebel/fxp
Event: 261.746 loading class com/zeroturnaround/javarebel/fxp done
Event: 261.748 Executing VM operation: RedefineClasses
Event: 261.793 Executing VM operation: RedefineClasses done
Event: 261.793 Executing VM operation: HandshakeAllThreads


Dynamic libraries:
0x00000001006c0000 	/Users/romankovarik/Library/Java/JavaVirtualMachines/azul-15.0.8/Contents/Home/lib/libjli.dylib
0x000000019d901000 	/usr/lib/libz.1.dylib
0x000000019d9b8000 	/usr/lib/libSystem.B.dylib
0x000000019d9b2000 	/usr/lib/system/libcache.dylib
0x000000019d970000 	/usr/lib/system/libcommonCrypto.dylib
0x000000019d999000 	/usr/lib/system/libcompiler_rt.dylib
0x000000019d990000 	/usr/lib/system/libcopyfile.dylib
0x0000000192bd7000 	/usr/lib/system/libcorecrypto.dylib
0x0000000192c8c000 	/usr/lib/system/libdispatch.dylib
0x0000000192e5a000 	/usr/lib/system/libdyld.dylib
0x000000019d9a8000 	/usr/lib/system/libkeymgr.dylib
0x000000019d94b000 	/usr/lib/system/libmacho.dylib
0x000000019d03b000 	/usr/lib/system/libquarantine.dylib
0x000000019d9a5000 	/usr/lib/system/libremovefile.dylib
0x0000000197fd2000 	/usr/lib/system/libsystem_asl.dylib
0x0000000192b79000 	/usr/lib/system/libsystem_blocks.dylib
0x0000000192d14000 	/usr/lib/system/libsystem_c.dylib
0x000000019d99d000 	/usr/lib/system/libsystem_collections.dylib
0x000000019c4d0000 	/usr/lib/system/libsystem_configuration.dylib
0x000000019b72a000 	/usr/lib/system/libsystem_containermanager.dylib
0x000000019d6a8000 	/usr/lib/system/libsystem_coreservices.dylib
0x000000019558b000 	/usr/lib/system/libsystem_darwin.dylib
0x000000019d9a9000 	/usr/lib/system/libsystem_dnssd.dylib
0x0000000192d11000 	/usr/lib/system/libsystem_featureflags.dylib
0x0000000192e6f000 	/usr/lib/system/libsystem_info.dylib
0x000000019d913000 	/usr/lib/system/libsystem_m.dylib
0x0000000192c61000 	/usr/lib/system/libsystem_malloc.dylib
0x0000000197f60000 	/usr/lib/system/libsystem_networkextension.dylib
0x00000001959e4000 	/usr/lib/system/libsystem_notify.dylib
0x00000001a3d0d000 	/usr/lib/system/libsystem_product_info_filter.dylib
0x000000019c4d5000 	/usr/lib/system/libsystem_sandbox.dylib
0x000000019d9a2000 	/usr/lib/system/libsystem_secinit.dylib
0x0000000192e15000 	/usr/lib/system/libsystem_kernel.dylib
0x0000000192e67000 	/usr/lib/system/libsystem_platform.dylib
0x0000000192e4d000 	/usr/lib/system/libsystem_pthread.dylib
0x0000000199736000 	/usr/lib/system/libsystem_symptoms.dylib
0x0000000192bbd000 	/usr/lib/system/libsystem_trace.dylib
0x000000019d97d000 	/usr/lib/system/libunwind.dylib
0x0000000192b7b000 	/usr/lib/system/libxpc.dylib
0x0000000192dfd000 	/usr/lib/libc++abi.dylib
0x0000000192cd3000 	/usr/lib/libobjc.A.dylib
0x000000019d988000 	/usr/lib/liboah.dylib
0x0000000192d96000 	/usr/lib/libc++.1.dylib
0x00000001a983b000 	/System/Library/Frameworks/Cocoa.framework/Versions/A/Cocoa
0x0000000195a45000 	/System/Library/Frameworks/AppKit.framework/Versions/C/AppKit
0x0000000198f5c000 	/System/Library/Frameworks/CoreData.framework/Versions/A/CoreData
0x0000000193da0000 	/System/Library/Frameworks/Foundation.framework/Versions/C/Foundation
0x00000001968fe000 	/System/Library/PrivateFrameworks/UIFoundation.framework/Versions/A/UIFoundation
0x00000001a3a07000 	/System/Library/PrivateFrameworks/RemoteViewServices.framework/Versions/A/RemoteViewServices
0x000000019be78000 	/System/Library/PrivateFrameworks/XCTTargetBootstrap.framework/Versions/A/XCTTargetBootstrap
0x000000019f6f8000 	/System/Library/PrivateFrameworks/InternationalSupport.framework/Versions/A/InternationalSupport
0x000000019f781000 	/System/Library/PrivateFrameworks/UserActivity.framework/Versions/A/UserActivity
0x000000019ebef000 	/usr/lib/libspindump.dylib
0x0000000196b6f000 	/System/Library/Frameworks/UniformTypeIdentifiers.framework/Versions/A/UniformTypeIdentifiers
0x000000019a3c0000 	/usr/lib/libapp_launch_measurement.dylib
0x00000001998e8000 	/System/Library/PrivateFrameworks/CoreAnalytics.framework/Versions/A/CoreAnalytics
0x000000019a3c3000 	/System/Library/PrivateFrameworks/CoreAutoLayout.framework/Versions/A/CoreAutoLayout
0x000000019b767000 	/System/Library/Frameworks/Metal.framework/Versions/A/Metal
0x000000019c4e0000 	/usr/lib/liblangid.dylib
0x000000019be7d000 	/System/Library/PrivateFrameworks/CoreSVG.framework/Versions/A/CoreSVG
0x0000000198006000 	/System/Library/PrivateFrameworks/SkyLight.framework/Versions/A/SkyLight
0x00000001983e2000 	/System/Library/Frameworks/CoreGraphics.framework/Versions/A/CoreGraphics
0x00000001a40d3000 	/System/Library/Frameworks/Accelerate.framework/Versions/A/Accelerate
0x000000019e666000 	/System/Library/PrivateFrameworks/IconServices.framework/Versions/A/IconServices
0x000000019b749000 	/System/Library/Frameworks/IOSurface.framework/Versions/A/IOSurface
0x0000000199919000 	/usr/lib/libDiagnosticMessagesClient.dylib
0x00000001a75d8000 	/System/Library/Frameworks/ApplicationServices.framework/Versions/A/ApplicationServices
0x000000019be60000 	/System/Library/PrivateFrameworks/DFRFoundation.framework/Versions/A/DFRFoundation
0x00000001952d5000 	/usr/lib/libicucore.A.dylib
0x00000001a05a6000 	/System/Library/Frameworks/AudioToolbox.framework/Versions/A/AudioToolbox
0x000000019f704000 	/System/Library/PrivateFrameworks/DataDetectorsCore.framework/Versions/A/DataDetectorsCore
0x00000001b6124000 	/System/Library/PrivateFrameworks/TextInput.framework/Versions/A/TextInput
0x0000000197f7b000 	/usr/lib/libMobileGestalt.dylib
0x000000019bb2c000 	/System/Library/Frameworks/Carbon.framework/Versions/A/Frameworks/HIToolbox.framework/Versions/A/HIToolbox
0x0000000199d99000 	/System/Library/Frameworks/QuartzCore.framework/Versions/A/QuartzCore
0x0000000194f56000 	/System/Library/Frameworks/Security.framework/Versions/A/Security
0x00000001a3a47000 	/System/Library/Frameworks/Carbon.framework/Versions/A/Frameworks/SpeechRecognition.framework/Versions/A/SpeechRecognition
0x000000019a115000 	/System/Library/PrivateFrameworks/CoreUI.framework/Versions/A/CoreUI
0x0000000194832000 	/System/Library/Frameworks/CoreAudio.framework/Versions/A/CoreAudio
0x0000000199a0d000 	/System/Library/Frameworks/DiskArbitration.framework/Versions/A/DiskArbitration
0x000000019eff9000 	/System/Library/PrivateFrameworks/MultitouchSupport.framework/Versions/A/MultitouchSupport
0x0000000197f79000 	/usr/lib/libenergytrace.dylib
0x000000019590d000 	/System/Library/Frameworks/IOKit.framework/Versions/A/IOKit
0x00000001a3e36000 	/System/Library/Frameworks/CoreServices.framework/Versions/A/CoreServices
0x000000019a350000 	/System/Library/PrivateFrameworks/PerformanceAnalysis.framework/Versions/A/PerformanceAnalysis
0x00000001f45cf000 	/System/Library/Frameworks/OpenGL.framework/Versions/A/OpenGL
0x000000019cf53000 	/System/Library/PrivateFrameworks/MobileKeyBag.framework/Versions/A/MobileKeyBag
0x00000001989f0000 	/System/Library/Frameworks/ColorSync.framework/Versions/A/ColorSync
0x0000000192e9c000 	/System/Library/Frameworks/CoreFoundation.framework/Versions/A/CoreFoundation
0x000000019c0fc000 	/System/Library/Frameworks/CoreImage.framework/Versions/A/CoreImage
0x0000000194656000 	/System/Library/Frameworks/CoreText.framework/Versions/A/CoreText
0x000000019bead000 	/System/Library/Frameworks/ImageIO.framework/Versions/A/ImageIO
0x000000019d9be000 	/System/Library/PrivateFrameworks/SoftLinking.framework/Versions/A/SoftLinking
0x000000019a40e000 	/usr/lib/libxml2.2.dylib
0x000000019dc57000 	/usr/lib/libcompression.dylib
0x000000019f654000 	/System/Library/PrivateFrameworks/TextureIO.framework/Versions/A/TextureIO
0x000000019e37f000 	/usr/lib/libate.dylib
0x000000019e244000 	/usr/lib/liblzma.5.dylib
0x0000000193a93000 	/System/Library/Frameworks/SystemConfiguration.framework/Versions/A/SystemConfiguration
0x000000019d9ba000 	/usr/lib/libfakelink.dylib
0x0000000197aab000 	/System/Library/Frameworks/CFNetwork.framework/Versions/A/CFNetwork
0x000000019db00000 	/usr/lib/libarchive.2.dylib
0x000000019c4dc000 	/System/Library/PrivateFrameworks/AppleSystemInfo.framework/Versions/A/AppleSystemInfo
0x000000019d066000 	/usr/lib/libbsm.0.dylib
0x0000000197018000 	/usr/lib/libnetwork.dylib
0x000000019d954000 	/usr/lib/system/libkxld.dylib
0x000000019cc80000 	/System/Library/PrivateFrameworks/IOMobileFramebuffer.framework/Versions/A/IOMobileFramebuffer
0x00000002129b9000 	/usr/lib/libCoreEntitlements.dylib
0x000000019d68a000 	/System/Library/PrivateFrameworks/AppleFSCompression.framework/Versions/A/AppleFSCompression
0x000000019d04e000 	/usr/lib/libcoretls.dylib
0x000000019e25d000 	/usr/lib/libcoretls_cfhelpers.dylib
0x000000019dc52000 	/usr/lib/libpam.2.dylib
0x000000019934c000 	/usr/lib/libsqlite3.dylib
0x000000019e2c6000 	/usr/lib/libxar.1.dylib
0x000000019d69b000 	/usr/lib/libbz2.1.0.dylib
0x000000019d9bf000 	/usr/lib/libpcap.A.dylib
0x000000019972d000 	/usr/lib/libdns_services.dylib
0x000000019dc25000 	/usr/lib/libapple_nghttp2.dylib
0x000000019d9fc000 	/usr/lib/libiconv.2.dylib
0x000000019d94a000 	/usr/lib/libcharset.1.dylib
0x000000019a38c000 	/System/Library/Frameworks/CoreServices.framework/Versions/A/Frameworks/FSEvents.framework/Versions/A/FSEvents
0x0000000195596000 	/System/Library/Frameworks/CoreServices.framework/Versions/A/Frameworks/CarbonCore.framework/Versions/A/CarbonCore
0x000000019996d000 	/System/Library/Frameworks/CoreServices.framework/Versions/A/Frameworks/Metadata.framework/Versions/A/Metadata
0x000000019d6ae000 	/System/Library/Frameworks/CoreServices.framework/Versions/A/Frameworks/OSServices.framework/Versions/A/OSServices
0x000000019db86000 	/System/Library/Frameworks/CoreServices.framework/Versions/A/Frameworks/SearchKit.framework/Versions/A/SearchKit
0x00000001996bb000 	/System/Library/Frameworks/CoreServices.framework/Versions/A/Frameworks/AE.framework/Versions/A/AE
0x00000001933e3000 	/System/Library/Frameworks/CoreServices.framework/Versions/A/Frameworks/LaunchServices.framework/Versions/A/LaunchServices
0x000000019e1ed000 	/System/Library/Frameworks/CoreServices.framework/Versions/A/Frameworks/DictionaryServices.framework/Versions/A/DictionaryServices
0x000000019a399000 	/System/Library/Frameworks/CoreServices.framework/Versions/A/Frameworks/SharedFileList.framework/Versions/A/SharedFileList
0x000000019d03e000 	/usr/lib/libCheckFix.dylib
0x0000000197fea000 	/System/Library/PrivateFrameworks/TCC.framework/Versions/A/TCC
0x000000019c4e2000 	/System/Library/PrivateFrameworks/CoreNLP.framework/Versions/A/CoreNLP
0x000000019991c000 	/System/Library/PrivateFrameworks/MetadataUtilities.framework/Versions/A/MetadataUtilities
0x0000000193b4d000 	/usr/lib/libmecabra.dylib
0x000000019d077000 	/usr/lib/libmecab.dylib
0x0000000193b19000 	/usr/lib/libCRFSuite.dylib
0x000000019d0d4000 	/usr/lib/libgermantok.dylib
0x000000019dbfe000 	/usr/lib/libThaiTokenizer.dylib
0x0000000199a15000 	/System/Library/Frameworks/Accelerate.framework/Versions/A/Frameworks/vImage.framework/Versions/A/vImage
0x00000001a3e0d000 	/System/Library/Frameworks/Accelerate.framework/Versions/A/Frameworks/vecLib.framework/Versions/A/vecLib
0x000000019e30b000 	/System/Library/Frameworks/Accelerate.framework/Versions/A/Frameworks/vecLib.framework/Versions/A/libvMisc.dylib
0x000000019cb87000 	/System/Library/Frameworks/Accelerate.framework/Versions/A/Frameworks/vecLib.framework/Versions/A/libvDSP.dylib
0x000000019376e000 	/System/Library/Frameworks/Accelerate.framework/Versions/A/Frameworks/vecLib.framework/Versions/A/libBLAS.dylib
0x000000019dd28000 	/System/Library/Frameworks/Accelerate.framework/Versions/A/Frameworks/vecLib.framework/Versions/A/libLAPACK.dylib
0x000000019d0d7000 	/System/Library/Frameworks/Accelerate.framework/Versions/A/Frameworks/vecLib.framework/Versions/A/libLinearAlgebra.dylib
0x000000019dc3d000 	/System/Library/Frameworks/Accelerate.framework/Versions/A/Frameworks/vecLib.framework/Versions/A/libSparseBLAS.dylib
0x000000019dd23000 	/System/Library/Frameworks/Accelerate.framework/Versions/A/Frameworks/vecLib.framework/Versions/A/libQuadrature.dylib
0x000000019c5db000 	/System/Library/Frameworks/Accelerate.framework/Versions/A/Frameworks/vecLib.framework/Versions/A/libBNNS.dylib
0x0000000193a2c000 	/System/Library/Frameworks/Accelerate.framework/Versions/A/Frameworks/vecLib.framework/Versions/A/libSparse.dylib
0x000000019c5d3000 	/System/Library/PrivateFrameworks/LinguisticData.framework/Versions/A/LinguisticData
0x00000001939e4000 	/System/Library/PrivateFrameworks/Lexicon.framework/Versions/A/Lexicon
0x000000019e303000 	/usr/lib/libChineseTokenizer.dylib
0x0000000194192000 	/System/Library/PrivateFrameworks/LanguageModeling.framework/Versions/A/LanguageModeling
0x000000019dc00000 	/System/Library/PrivateFrameworks/AppleSauce.framework/Versions/A/AppleSauce
0x000000019cc6d000 	/System/Library/PrivateFrameworks/CoreEmoji.framework/Versions/A/CoreEmoji
0x000000019daee000 	/usr/lib/libcmph.dylib
0x000000019a36c000 	/System/Library/Frameworks/OpenDirectory.framework/Versions/A/Frameworks/CFOpenDirectory.framework/Versions/A/CFOpenDirectory
0x000000019a35c000 	/System/Library/Frameworks/OpenDirectory.framework/Versions/A/OpenDirectory
0x000000019e25f000 	/System/Library/PrivateFrameworks/APFS.framework/Versions/A/APFS
0x000000019cf8e000 	/System/Library/Frameworks/SecurityFoundation.framework/Versions/A/SecurityFoundation
0x000000019e2d5000 	/usr/lib/libutil.dylib
0x00000001958cf000 	/System/Library/PrivateFrameworks/CoreServicesStore.framework/Versions/A/CoreServicesStore
0x000000019e2d9000 	/usr/lib/libxslt.1.dylib
0x000000019d022000 	/System/Library/PrivateFrameworks/BackgroundTaskManagement.framework/Versions/A/BackgroundTaskManagement
0x000000019f575000 	/System/Library/Frameworks/ImageIO.framework/Versions/A/Resources/libRadiance.dylib
0x000000019f57e000 	/System/Library/Frameworks/ImageIO.framework/Versions/A/Resources/libJPEG.dylib
0x000000019f4d1000 	/System/Library/Frameworks/ImageIO.framework/Versions/A/Resources/libPng.dylib
0x000000019f4f3000 	/System/Library/Frameworks/ImageIO.framework/Versions/A/Resources/libTIFF.dylib
0x000000019f5d9000 	/System/Library/Frameworks/ImageIO.framework/Versions/A/Resources/libGIF.dylib
0x000000019ef09000 	/System/Library/Frameworks/ImageIO.framework/Versions/A/Resources/libJP2.dylib
0x000000019e62b000 	/usr/lib/libexpat.1.dylib
0x000000019eec4000 	/System/Library/PrivateFrameworks/AppleJPEG.framework/Versions/A/AppleJPEG
0x000000019b9e8000 	/System/Library/PrivateFrameworks/FontServices.framework/libFontParser.dylib
0x0000000199660000 	/System/Library/PrivateFrameworks/RunningBoardServices.framework/Versions/A/RunningBoardServices
0x00000001a9f12000 	/System/Library/PrivateFrameworks/IOSurfaceAccelerator.framework/Versions/A/IOSurfaceAccelerator
0x000000019eff5000 	/System/Library/PrivateFrameworks/WatchdogClient.framework/Versions/A/WatchdogClient
0x0000000194292000 	/System/Library/Frameworks/CoreDisplay.framework/Versions/A/CoreDisplay
0x000000019b8d2000 	/System/Library/Frameworks/CoreMedia.framework/Versions/A/CoreMedia
0x000000019b75d000 	/System/Library/PrivateFrameworks/IOAccelerator.framework/Versions/A/IOAccelerator
0x000000019a4fc000 	/System/Library/Frameworks/CoreVideo.framework/Versions/A/CoreVideo
0x000000019dc50000 	/System/Library/Frameworks/MetalPerformanceShaders.framework/Versions/A/MetalPerformanceShaders
0x000000019f034000 	/System/Library/Frameworks/VideoToolbox.framework/Versions/A/VideoToolbox
0x00000001995a4000 	/System/Library/PrivateFrameworks/BaseBoard.framework/Versions/A/BaseBoard
0x0000000199332000 	/System/Library/PrivateFrameworks/ProtocolBuffer.framework/Versions/A/ProtocolBuffer
0x000000019f570000 	/System/Library/PrivateFrameworks/GPUWrangler.framework/Versions/A/GPUWrangler
0x000000019f550000 	/System/Library/PrivateFrameworks/IOPresentment.framework/Versions/A/IOPresentment
0x000000019f578000 	/System/Library/PrivateFrameworks/DSExternalDisplay.framework/Versions/A/DSExternalDisplay
0x00000001f45c2000 	/System/Library/Frameworks/OpenGL.framework/Versions/A/Libraries/libCoreFSCache.dylib
0x00000001ff48c000 	/System/Library/PrivateFrameworks/GPUCompiler.framework/Versions/31001/Libraries/libGPUCompilerUtils.dylib
0x000000019f5de000 	/System/Library/PrivateFrameworks/CMCaptureCore.framework/Versions/A/CMCaptureCore
0x000000019ebdc000 	/System/Library/PrivateFrameworks/AppServerSupport.framework/Versions/A/AppServerSupport
0x00000001a0e64000 	/System/Library/PrivateFrameworks/perfdata.framework/Versions/A/perfdata
0x00000001943b2000 	/System/Library/PrivateFrameworks/AudioToolboxCore.framework/Versions/A/AudioToolboxCore
0x000000019b8ab000 	/System/Library/PrivateFrameworks/caulk.framework/Versions/A/caulk
0x00000001a0759000 	/usr/lib/libAudioStatistics.dylib
0x00000001b2777000 	/System/Library/PrivateFrameworks/SystemPolicy.framework/Versions/A/SystemPolicy
0x00000001a09c5000 	/usr/lib/libSMC.dylib
0x00000001a9719000 	/System/Library/Frameworks/CoreMIDI.framework/Versions/A/CoreMIDI
0x000000019f49f000 	/usr/lib/libAudioToolboxUtility.dylib
0x00000001ae8da000 	/System/Library/PrivateFrameworks/OSAServicesClient.framework/Versions/A/OSAServicesClient
0x00000001a0e71000 	/usr/lib/libperfcheck.dylib
0x00000001b3296000 	/usr/lib/libmis.dylib
0x00000001f4624000 	/System/Library/Frameworks/OpenGL.framework/Versions/A/Libraries/libGLU.dylib
0x00000001f45e3000 	/System/Library/Frameworks/OpenGL.framework/Versions/A/Libraries/libGFXShared.dylib
0x00000001f47d0000 	/System/Library/Frameworks/OpenGL.framework/Versions/A/Libraries/libGL.dylib
0x00000001f45ec000 	/System/Library/Frameworks/OpenGL.framework/Versions/A/Libraries/libGLImage.dylib
0x00000001f45e0000 	/System/Library/Frameworks/OpenGL.framework/Versions/A/Libraries/libCVMSPluginSupport.dylib
0x00000001f45c9000 	/System/Library/Frameworks/OpenGL.framework/Versions/A/Libraries/libCoreVMClient.dylib
0x000000019c45c000 	/System/Library/Frameworks/MetalPerformanceShaders.framework/Versions/A/Frameworks/MPSCore.framework/Versions/A/MPSCore
0x000000019d5fd000 	/System/Library/Frameworks/MetalPerformanceShaders.framework/Versions/A/Frameworks/MPSImage.framework/Versions/A/MPSImage
0x000000019d0ec000 	/System/Library/Frameworks/MetalPerformanceShaders.framework/Versions/A/Frameworks/MPSNeuralNetwork.framework/Versions/A/MPSNeuralNetwork
0x000000019d525000 	/System/Library/Frameworks/MetalPerformanceShaders.framework/Versions/A/Frameworks/MPSMatrix.framework/Versions/A/MPSMatrix
0x000000019d2fe000 	/System/Library/Frameworks/MetalPerformanceShaders.framework/Versions/A/Frameworks/MPSRayIntersector.framework/Versions/A/MPSRayIntersector
0x000000019d556000 	/System/Library/Frameworks/MetalPerformanceShaders.framework/Versions/A/Frameworks/MPSNDArray.framework/Versions/A/MPSNDArray
0x00000001f70cb000 	/System/Library/Frameworks/MetalPerformanceShaders.framework/Versions/A/Frameworks/MPSFunctions.framework/Versions/A/MPSFunctions
0x0000000193644000 	/System/Library/PrivateFrameworks/MetalTools.framework/Versions/A/MetalTools
0x000000019c4da000 	/System/Library/PrivateFrameworks/AggregateDictionary.framework/Versions/A/AggregateDictionary
0x000000019e410000 	/usr/lib/libIOReport.dylib
0x00000001a8732000 	/System/Library/PrivateFrameworks/ASEProcessing.framework/Versions/A/ASEProcessing
0x000000019e785000 	/System/Library/PrivateFrameworks/FaceCore.framework/Versions/A/FaceCore
0x000000019e777000 	/System/Library/PrivateFrameworks/GraphVisualizer.framework/Versions/A/GraphVisualizer
0x00000001ff3a3000 	/System/Library/PrivateFrameworks/FontServices.framework/Versions/A/FontServices
0x000000019eb98000 	/System/Library/PrivateFrameworks/OTSVG.framework/Versions/A/OTSVG
0x000000019a0c5000 	/System/Library/Frameworks/ApplicationServices.framework/Versions/A/Frameworks/ATS.framework/Versions/A/Resources/libFontRegistry.dylib
0x000000019ebe5000 	/System/Library/PrivateFrameworks/FontServices.framework/libhvf.dylib
0x00000001ff3a4000 	/System/Library/PrivateFrameworks/FontServices.framework/libXTFontStaticRegistryData.dylib
0x00000001f4971000 	/System/Library/Frameworks/OpenCL.framework/Versions/A/OpenCL
0x000000019e5df000 	/System/Library/PrivateFrameworks/AppleVA.framework/Versions/A/AppleVA
0x00000001a0781000 	/System/Library/Frameworks/ApplicationServices.framework/Versions/A/Frameworks/ATS.framework/Versions/A/ATS
0x0000000198aef000 	/System/Library/Frameworks/ApplicationServices.framework/Versions/A/Frameworks/HIServices.framework/Versions/A/HIServices
0x000000019f5e8000 	/System/Library/Frameworks/ApplicationServices.framework/Versions/A/Frameworks/PrintCore.framework/Versions/A/PrintCore
0x00000001a0b18000 	/System/Library/Frameworks/ApplicationServices.framework/Versions/A/Frameworks/QD.framework/Versions/A/QD
0x00000001a0b10000 	/System/Library/Frameworks/ApplicationServices.framework/Versions/A/Frameworks/ColorSyncLegacy.framework/Versions/A/ColorSyncLegacy
0x00000001a076d000 	/System/Library/Frameworks/ApplicationServices.framework/Versions/A/Frameworks/SpeechSynthesis.framework/Versions/A/SpeechSynthesis
0x000000019f5a9000 	/System/Library/Frameworks/ApplicationServices.framework/Versions/A/Frameworks/ATSUI.framework/Versions/A/ATSUI
0x00000001a0aa5000 	/usr/lib/libcups.2.dylib
0x00000001a0e7f000 	/System/Library/Frameworks/Kerberos.framework/Versions/A/Kerberos
0x00000001a0e90000 	/System/Library/Frameworks/GSS.framework/Versions/A/GSS
0x00000001a07f1000 	/usr/lib/libresolv.9.dylib
0x000000019ebf4000 	/System/Library/PrivateFrameworks/Heimdal.framework/Versions/A/Heimdal
0x00000001a7968000 	/System/Library/Frameworks/Kerberos.framework/Versions/A/Libraries/libHeimdalProxy.dylib
0x000000019973f000 	/System/Library/Frameworks/Network.framework/Versions/A/Network
0x000000019e646000 	/usr/lib/libheimdal-asn1.dylib
0x00000001a0ee0000 	/System/Library/PrivateFrameworks/CommonAuth.framework/Versions/A/CommonAuth
0x00000001a06e7000 	/System/Library/PrivateFrameworks/AudioSession.framework/Versions/A/AudioSession
0x000000019e6d8000 	/System/Library/PrivateFrameworks/MediaExperience.framework/Versions/A/MediaExperience
0x00000001a056c000 	/System/Library/PrivateFrameworks/AudioSession.framework/libSessionUtility.dylib
0x00000001a0b24000 	/System/Library/PrivateFrameworks/AudioResourceArbitration.framework/Versions/A/AudioResourceArbitration
0x00000001a4cea000 	/System/Library/PrivateFrameworks/PowerLog.framework/Versions/A/PowerLog
0x000000019e650000 	/System/Library/PrivateFrameworks/IconFoundation.framework/Versions/A/IconFoundation
0x00000001a3a33000 	/System/Library/PrivateFrameworks/SpeechRecognitionCore.framework/Versions/A/SpeechRecognitionCore
0x0000000101620000 	/Users/romankovarik/Library/Java/JavaVirtualMachines/azul-15.0.8/Contents/Home/lib/server/libjvm.dylib
0x0000000100724000 	/Users/romankovarik/Library/Java/JavaVirtualMachines/azul-15.0.8/Contents/Home/lib/libjimage.dylib
0x000000010086c000 	/Users/romankovarik/Library/Java/JavaVirtualMachines/azul-15.0.8/Contents/Home/lib/libjdwp.dylib
0x0000000100824000 	/Users/romankovarik/Library/Java/JavaVirtualMachines/azul-15.0.8/Contents/Home/lib/libjava.dylib
0x0000000100738000 	/Users/romankovarik/Library/Application Support/JetBrains/IntelliJIdea2022.2/plugins/jr-ide-idea/lib/jrebel6/lib/libjrebel64.dylib
0x000000010090c000 	/Users/romankovarik/Library/Java/JavaVirtualMachines/azul-15.0.8/Contents/Home/lib/libzip.dylib
0x00000001014bc000 	/Users/romankovarik/Library/Java/JavaVirtualMachines/azul-15.0.8/Contents/Home/lib/libdt_socket.dylib
0x0000000101600000 	/Users/romankovarik/Library/Java/JavaVirtualMachines/azul-15.0.8/Contents/Home/lib/libnio.dylib
0x0000000116a40000 	/Users/romankovarik/Library/Java/JavaVirtualMachines/azul-15.0.8/Contents/Home/lib/libnet.dylib
0x00000001014d0000 	/Users/romankovarik/Library/Java/JavaVirtualMachines/azul-15.0.8/Contents/Home/lib/libmanagement.dylib
0x00000001014e4000 	/Users/romankovarik/Library/Java/JavaVirtualMachines/azul-15.0.8/Contents/Home/lib/libmanagement_ext.dylib
0x0000000116a64000 	/Users/romankovarik/Library/Java/JavaVirtualMachines/azul-15.0.8/Contents/Home/lib/libextnet.dylib
0x0000000116a94000 	/Users/romankovarik/Library/Java/JavaVirtualMachines/azul-15.0.8/Contents/Home/lib/libverify.dylib
0x000000011847c000 	/Users/romankovarik/Library/Java/JavaVirtualMachines/azul-15.0.8/Contents/Home/lib/libawt.dylib
0x0000000116f70000 	/Users/romankovarik/Library/Java/JavaVirtualMachines/azul-15.0.8/Contents/Home/lib/libmlib_image.dylib
0x00000001f7031000 	/System/Library/Frameworks/JavaRuntimeSupport.framework/Versions/A/JavaRuntimeSupport
0x00000001b2277000 	/System/Library/Frameworks/Carbon.framework/Versions/A/Carbon
0x00000001a5c89000 	/System/Library/PrivateFrameworks/CoreSymbolication.framework/Versions/A/CoreSymbolication
0x00000001ab351000 	/System/Library/Frameworks/Carbon.framework/Versions/A/Frameworks/CommonPanels.framework/Versions/A/CommonPanels
0x00000001a734b000 	/System/Library/Frameworks/Carbon.framework/Versions/A/Frameworks/Help.framework/Versions/A/Help
0x00000001ab355000 	/System/Library/Frameworks/Carbon.framework/Versions/A/Frameworks/ImageCapture.framework/Versions/A/ImageCapture
0x00000001ab321000 	/System/Library/Frameworks/Carbon.framework/Versions/A/Frameworks/OpenScripting.framework/Versions/A/OpenScripting
0x00000001ab34d000 	/System/Library/Frameworks/Carbon.framework/Versions/A/Frameworks/Ink.framework/Versions/A/Ink
0x00000001b2273000 	/System/Library/Frameworks/Carbon.framework/Versions/A/Frameworks/Print.framework/Versions/A/Print
0x00000001ab349000 	/System/Library/Frameworks/Carbon.framework/Versions/A/Frameworks/SecurityHI.framework/Versions/A/SecurityHI
0x00000001a5c46000 	/System/Library/PrivateFrameworks/DebugSymbols.framework/Versions/A/DebugSymbols
0x0000000168000000 	/Users/romankovarik/Library/Java/JavaVirtualMachines/azul-15.0.8/Contents/Home/lib/libawt_lwawt.dylib
0x0000000116f00000 	/Users/romankovarik/Library/Java/JavaVirtualMachines/azul-15.0.8/Contents/Home/lib/libosxapp.dylib
0x00000001b14c9000 	/System/Library/Frameworks/ExceptionHandling.framework/Versions/A/ExceptionHandling
0x0000000168448000 	/Users/romankovarik/Library/Java/JavaVirtualMachines/azul-15.0.8/Contents/Home/lib/libfontmanager.dylib
0x000000011c700000 	/Users/romankovarik/Library/Java/JavaVirtualMachines/azul-15.0.8/Contents/Home/lib/libfreetype.dylib


VM Arguments:
jvm_args: -agentlib:jdwp=transport=dt_socket,address=127.0.0.1:56558,suspend=y,server=n -Drebel.base=/Users/romankovarik/.jrebel -Drebel.env.ide.plugin.version=2022.3.1 -Drebel.env.ide.version=2022.2 -Drebel.env.ide.product=IU -Drebel.env.ide=intellij -Drebel.notification.url=http://localhost:56667 -Xshare:off -agentpath:/Users/romankovarik/Library/Application Support/JetBrains/IntelliJIdea2022.2/plugins/jr-ide-idea/lib/jrebel6/lib/libjrebel64.dylib -XX:TieredStopAtLevel=1 -Dspring.output.ansi.enabled=always -Dcom.sun.management.jmxremote -Dspring.jmx.enabled=true -Dspring.liveBeansView.mbeanDomain -Dspring.application.admin.enabled=true -Dfile.encoding=UTF-8 
java_command: com.example.application.Application
java_class_path (initial): /Users/romankovarik/git/vaadin/hilla-grocery-app/target/classes:/Users/romankovarik/.m2/repository/dev/hilla/hilla/1.2.0/hilla-1.2.0.jar:/Users/romankovarik/.m2/repository/dev/hilla/endpoint/1.2.0/endpoint-1.2.0.jar:/Users/romankovarik/.m2/repository/com/vaadin/flow-server/23.2.0/flow-server-23.2.0.jar:/Users/romankovarik/.m2/repository/commons-fileupload/commons-fileupload/1.4/commons-fileupload-1.4.jar:/Users/romankovarik/.m2/repository/org/jsoup/jsoup/1.15.3/jsoup-1.15.3.jar:/Users/romankovarik/.m2/repository/com/helger/ph-css/6.5.0/ph-css-6.5.0.jar:/Users/romankovarik/.m2/repository/com/helger/commons/ph-commons/10.1.6/ph-commons-10.1.6.jar:/Users/romankovarik/.m2/repository/com/vaadin/external/gentyref/1.2.0.vaadin1/gentyref-1.2.0.vaadin1.jar:/Users/romankovarik/.m2/repository/org/apache/commons/commons-compress/1.21/commons-compress-1.21.jar:/Users/romankovarik/.m2/repository/org/apache/httpcomponents/httpclient/4.5.13/httpclient-4.5.13.jar:/Users/romankovarik/.m2/repository/org/apache/httpcomponents/httpcore/4.4.15/httpcore-4.4.15.jar:/Users/romankovarik/.m2/repository/commons-io/commons-io/2.11.0/commons-io-2.11.0.jar:/Users/romankovarik/.m2/repository/javax/validation/validation-api/2.0.1.Final/validation-api-2.0.1.Final.jar:/Users/romankovarik/.m2/repository/org/springframework/data/spring-data-commons/2.7.2/spring-data-commons-2.7.2.jar:/Users/romankovarik/.m2/repository/org/springframework/spring-beans/5.3.22/spring-beans-5.3.22.jar:/Users/romankovarik/.m2/repository/org/springframework/spring-websocket/5.3.22/spring-websocket-5.3.22.jar:/Users/romankovarik/.m2/repository/io/projectreactor/reactor-core/3.4.22/reactor-core-3.4.22.jar:/Users/romankovarik/.m2/repository/org/reactivestreams/reactive-streams/1.0.4/reactive-streams-1.0.4.jar:/Users/romankovarik/.m2/repository/io/socket/socket.io-server/4.0.1/socket.io-server-4.0.1.jar:/Users/romankovarik/.m2/repository/io/socket/engine.io-server/6.1.0/engine.io-server-6.1.0.jar:/Us
Launcher Type: SUN_STANDARD

[Global flags]
     intx CICompilerCount                          = 4                                         {product} {ergonomic}
     uint ConcGCThreads                            = 2                                         {product} {ergonomic}
     uint G1ConcRefinementThreads                  = 9                                         {product} {ergonomic}
   size_t G1HeapRegionSize                         = 4194304                                   {product} {ergonomic}
    uintx GCDrainStackTargetSize                   = 64                                        {product} {ergonomic}
   size_t InitialHeapSize                          = 536870912                                 {product} {ergonomic}
     bool ManagementServer                         = true                                      {product} {command line}
   size_t MarkStackSize                            = 4194304                                   {product} {ergonomic}
   size_t MaxHeapSize                              = 8589934592                                {product} {ergonomic}
   size_t MaxNewSize                               = 5150605312                                {product} {ergonomic}
   size_t MinHeapDeltaBytes                        = 4194304                                   {product} {ergonomic}
   size_t MinHeapSize                              = 8388608                                   {product} {ergonomic}
    uintx NonNMethodCodeHeapSize                   = 7549744                                {pd product} {ergonomic}
    uintx NonProfiledCodeHeapSize                  = 244108496                              {pd product} {ergonomic}
    uintx ProfiledCodeHeapSize                     = 0                                      {pd product} {ergonomic}
     bool RequireSharedSpaces                      = false                                     {product} {command line}
    uintx ReservedCodeCacheSize                    = 251658240                              {pd product} {ergonomic}
     bool SegmentedCodeCache                       = true                                      {product} {ergonomic}
   size_t SoftMaxHeapSize                          = 8589934592                             {manageable} {ergonomic}
     intx TieredStopAtLevel                        = 1                                         {product} {command line}
     bool UseCompressedClassPointers               = true                                 {lp64_product} {ergonomic}
     bool UseCompressedOops                        = true                                 {lp64_product} {ergonomic}
     bool UseG1GC                                  = true                                      {product} {ergonomic}
     bool UseNUMA                                  = false                                     {product} {ergonomic}
     bool UseNUMAInterleaving                      = false                                     {product} {ergonomic}
     bool UseSharedSpaces                          = false                                     {product} {command line}

Logging:
Log output configuration:
 #0: stdout all=warning uptime,level,tags
 #1: stderr all=off uptime,level,tags

Environment Variables:
PATH=/opt/homebrew/bin:/opt/homebrew/sbin:/usr/local/bin:/usr/bin:/bin:/usr/sbin:/sbin:/opt/X11/bin:/Library/Frameworks/Mono.framework/Versions/Current/Commands
SHELL=/bin/zsh
DISPLAY=/private/tmp/com.apple.launchd.bMBlRZIG9S/org.macosforge.xquartz:0
LC_CTYPE=en_US.UTF-8

Signal Handlers:
SIGSEGV: [libjvm.dylib+0x929b40], sa_mask[0]=11111111011111110111111111111111, sa_flags=SA_ONSTACK|SA_RESTART|SA_SIGINFO
SIGBUS: [libjvm.dylib+0x929b40], sa_mask[0]=11111111011111110111111111111111, sa_flags=SA_RESTART|SA_SIGINFO
SIGFPE: [libjvm.dylib+0x929b40], sa_mask[0]=11111111011111110111111111111111, sa_flags=SA_RESTART|SA_SIGINFO
SIGPIPE: [libjvm.dylib+0x714000], sa_mask[0]=11111111011111110111111111111111, sa_flags=SA_RESTART|SA_SIGINFO
SIGXFSZ: [libjvm.dylib+0x714000], sa_mask[0]=11111111011111110111111111111111, sa_flags=SA_RESTART|SA_SIGINFO
SIGILL: [libjvm.dylib+0x929b40], sa_mask[0]=11111111011111110111111111111111, sa_flags=SA_RESTART|SA_SIGINFO
SIGUSR2: [libjvm.dylib+0x714a34], sa_mask[0]=00100000000000000000000000000000, sa_flags=SA_RESTART|SA_SIGINFO
SIGHUP: [libjvm.dylib+0x7130d0], sa_mask[0]=11111111011111110111111111111111, sa_flags=SA_RESTART|SA_SIGINFO
SIGINT: [libjvm.dylib+0x7130d0], sa_mask[0]=11111111011111110111111111111111, sa_flags=SA_RESTART|SA_SIGINFO
SIGTERM: [libjvm.dylib+0x7130d0], sa_mask[0]=11111111011111110111111111111111, sa_flags=SA_RESTART|SA_SIGINFO
SIGQUIT: [libjvm.dylib+0x7130d0], sa_mask[0]=11111111011111110111111111111111, sa_flags=SA_RESTART|SA_SIGINFO


---------------  S Y S T E M  ---------------

OS:uname: Darwin 21.6.0 Darwin Kernel Version 21.6.0: Wed Aug 10 14:28:23 PDT 2022; root:xnu-8020.141.5~2/RELEASE_ARM64_T6000 arm64
OS uptime: 7 days 23:21 hours
rlimit (soft/hard): STACK 8176k/65520k , CORE 0k/infinity , NPROC 5333/8000 , NOFILE 10240/infinity , AS infinity/infinity , CPU infinity/infinity , DATA infinity/infinity , FSIZE infinity/infinity , MEMLOCK infinity/infinity , RSS infinity/infinity
load average: 4.55 4.65 4.34

CPU: total 10 (initial active 10) 0x61:0x0:0x1b588bb3:0, simd, crc, lse

Memory: 16k page, physical 33554432k(196160k free), swap 2097152k(958144k free)

vm_info: OpenJDK 64-Bit Server VM (15.0.8+4-MTS) for bsd-aarch64 JRE (15.0.8+4-MTS) (Zulu15.42+15-CA), built on Jul 13 2022 04:53:46 by "zulu_re" with clang Apple LLVM 12.0.0 (clang-1200.0.32.28)

END.
